#! /usr/bin/vvp
:ivl_version "11.0 (stable)";
:ivl_delay_selection "TYPICAL";
:vpi_time_precision - 9;
:vpi_module "/usr/lib/x86_64-linux-gnu/ivl/system.vpi";
:vpi_module "/usr/lib/x86_64-linux-gnu/ivl/vhdl_sys.vpi";
:vpi_module "/usr/lib/x86_64-linux-gnu/ivl/vhdl_textio.vpi";
:vpi_module "/usr/lib/x86_64-linux-gnu/ivl/v2005_math.vpi";
:vpi_module "/usr/lib/x86_64-linux-gnu/ivl/va_math.vpi";
S_0x5596cd276410 .scope module, "top_tb" "top_tb" 2 4;
 .timescale -9 -9;
v0x5596cd2c9910_0 .var "clk", 0 0;
E_0x5596cd1a46e0 .event edge, v0x5596cd2a99f0_0;
S_0x5596cd265100 .scope module, "top" "Top" 2 8, 3 18 0, S_0x5596cd276410;
 .timescale 0 0;
    .port_info 0 /INPUT 1 "clk";
P_0x5596cd1ec570 .param/l "WIDTH" 0 3 95, +C4<00000000000000000000000000100000>;
v0x5596cd2c4b70_0 .net *"_ivl_9", 3 0, L_0x5596cd2da470;  1 drivers
v0x5596cd2c4c50_0 .net "alu_b", 31 0, L_0x5596cd2dc1d0;  1 drivers
v0x5596cd2c4d60_0 .net "alu_op", 1 0, v0x5596cd2a8c20_0;  1 drivers
v0x5596cd2c4e50_0 .net "alu_op_ix", 1 0, v0x5596cd2b3d50_0;  1 drivers
v0x5596cd2c4f60_0 .net "alu_result", 31 0, v0x5596cd2a7530_0;  1 drivers
v0x5596cd2c50c0_0 .net "alu_src", 0 0, v0x5596cd2a8d20_0;  1 drivers
v0x5596cd2c51b0_0 .net "alu_src_ix", 0 0, v0x5596cd2b4400_0;  1 drivers
v0x5596cd2c52a0_0 .net "branch", 0 0, v0x5596cd2a8de0_0;  1 drivers
v0x5596cd2c5390_0 .net "branch_addr", 31 0, L_0x5596cd2dbee0;  1 drivers
v0x5596cd2c5450_0 .net "branch_addr_xm", 31 0, v0x5596cd2be260_0;  1 drivers
v0x5596cd2c5560_0 .net "branch_ix", 0 0, v0x5596cd2b4b00_0;  1 drivers
v0x5596cd2c5650_0 .net "branch_xm", 0 0, v0x5596cd2bdb60_0;  1 drivers
v0x5596cd2c5740_0 .net "clk", 0 0, v0x5596cd2c9910_0;  1 drivers
v0x5596cd2c57e0_0 .net "controlmuxbit", 0 0, v0x5596cd2a69e0_0;  1 drivers
v0x5596cd2c5880_0 .net "hazardAluOp", 1 0, L_0x5596cd2daef0;  1 drivers
v0x5596cd2c5990_0 .net "hazardAluSrc", 0 0, L_0x5596cd2dad60;  1 drivers
v0x5596cd2c5a80_0 .net "hazardBranch", 0 0, L_0x5596cd2da910;  1 drivers
v0x5596cd2c5b70_0 .net "hazardJump", 0 0, L_0x5596cd2da7d0;  1 drivers
v0x5596cd2c5c60_0 .net "hazardMemRead", 0 0, L_0x5596cd2daa00;  1 drivers
v0x5596cd2c5d50_0 .net "hazardMemWrite", 0 0, L_0x5596cd2dabe0;  1 drivers
v0x5596cd2c5e40_0 .net "hazardMemtoReg", 0 0, L_0x5596cd2daaf0;  1 drivers
v0x5596cd2c5f30_0 .net "hazardRegDst", 0 0, L_0x5596cd2da6e0;  1 drivers
v0x5596cd2c6020_0 .net "hazardRegWrite", 0 0, L_0x5596cd2dae00;  1 drivers
v0x5596cd2c6110_0 .net "hazardbit", 0 0, v0x5596cd2a6ac0_0;  1 drivers
v0x5596cd2c61b0_0 .net "ifidWrite", 0 0, v0x5596cd2a6ed0_0;  1 drivers
v0x5596cd2c6250_0 .net "imm", 31 0, L_0x5596cd2dba00;  1 drivers
v0x5596cd2c6340_0 .net "imm_ix", 31 0, v0x5596cd2b53f0_0;  1 drivers
v0x5596cd2c6400_0 .net "instruction", 31 0, L_0x5596cd2c9b50;  1 drivers
v0x5596cd2c6510_0 .net "instruction_fd", 31 0, v0x5596cd2b3640_0;  1 drivers
v0x5596cd2c65d0_0 .net "jump", 0 0, v0x5596cd2a8eb0_0;  1 drivers
v0x5596cd2c66c0_0 .net "jump_addr", 27 0, L_0x5596cd2da160;  1 drivers
v0x5596cd2c6760_0 .net "jump_addr32", 31 0, L_0x5596cd2da510;  1 drivers
v0x5596cd2c6800_0 .net "jump_ix", 0 0, v0x5596cd2b5b30_0;  1 drivers
v0x5596cd2c68f0_0 .net "jump_xm", 0 0, v0x5596cd2be960_0;  1 drivers
v0x5596cd2c69e0_0 .net "mem_read", 0 0, v0x5596cd2a8f70_0;  1 drivers
v0x5596cd2c6ad0_0 .net "mem_read_ix", 0 0, v0x5596cd2b6240_0;  1 drivers
v0x5596cd2c6b70_0 .net "mem_read_xm", 0 0, v0x5596cd2bf080_0;  1 drivers
v0x5596cd2c6c60_0 .net "mem_to_reg", 0 0, v0x5596cd2a9080_0;  1 drivers
v0x5596cd2c6d50_0 .net "mem_to_reg_ix", 0 0, v0x5596cd2b6940_0;  1 drivers
v0x5596cd2c6e40_0 .net "mem_to_reg_mb", 0 0, v0x5596cd2bb880_0;  1 drivers
v0x5596cd2c6f30_0 .net "mem_to_reg_xm", 0 0, v0x5596cd2bf770_0;  1 drivers
v0x5596cd2c7020_0 .net "mem_write", 0 0, v0x5596cd2a9140_0;  1 drivers
v0x5596cd2c7110_0 .net "mem_write_ix", 0 0, v0x5596cd2b7050_0;  1 drivers
v0x5596cd2c7200_0 .net "mem_write_xm", 0 0, v0x5596cd2bfe70_0;  1 drivers
v0x5596cd2c72f0_0 .net "mux_br_out", 31 0, L_0x5596cd2dc520;  1 drivers
v0x5596cd2c73e0_0 .net "muxop1", 1 0, v0x5596cd263e50_0;  1 drivers
v0x5596cd2c74f0_0 .net "muxop2", 1 0, v0x5596cd2a66c0_0;  1 drivers
v0x5596cd2c7600_0 .net "op", 3 0, v0x5596cd2a7b10_0;  1 drivers
v0x5596cd2c7710_0 .net "op1data", 31 0, v0x5596cd2af480_0;  1 drivers
v0x5596cd2c7820_0 .net "op2data", 31 0, v0x5596cd2afdb0_0;  1 drivers
v0x5596cd2c7930_0 .net "pc_in", 31 0, L_0x5596cd2dc5c0;  1 drivers
v0x5596cd2c7a40_0 .net "pc_next", 31 0, L_0x5596cd2c9ab0;  1 drivers
v0x5596cd2c7b00_0 .net "pc_next_fd", 31 0, v0x5596cd2b2f40_0;  1 drivers
v0x5596cd2c7c10_0 .net "pc_next_ix", 31 0, v0x5596cd2b7760_0;  1 drivers
v0x5596cd2c7d20_0 .net "pc_out", 31 0, v0x5596cd2b2290_0;  1 drivers
v0x5596cd2c7de0_0 .net "pc_src", 0 0, v0x5596cd2a8280_0;  1 drivers
v0x5596cd2c7ed0_0 .net "pcwrite", 0 0, v0x5596cd2a6f90_0;  1 drivers
v0x5596cd2c7fc0_0 .net "rd_ix", 4 0, v0x5596cd2b7e30_0;  1 drivers
v0x5596cd2c80d0_0 .net "read_data", 31 0, L_0x5596cd2dc700;  1 drivers
v0x5596cd2c81e0_0 .net "read_data_mb", 31 0, v0x5596cd2bbfc0_0;  1 drivers
v0x5596cd2c82f0_0 .net "reg_dst", 0 0, v0x5596cd2a92e0_0;  1 drivers
v0x5596cd2c83e0_0 .net "reg_dst_ix", 0 0, v0x5596cd2b95a0_0;  1 drivers
v0x5596cd2c84d0_0 .net "reg_write", 0 0, v0x5596cd2a93a0_0;  1 drivers
v0x5596cd2c85c0_0 .net "reg_write_ix", 0 0, v0x5596cd2b9ca0_0;  1 drivers
v0x5596cd2c86b0_0 .net "reg_write_mb", 0 0, v0x5596cd2bc6c0_0;  1 drivers
v0x5596cd2c8b60_0 .net "reg_write_xm", 0 0, v0x5596cd2c1090_0;  1 drivers
v0x5596cd2c8c00_0 .net "result_mb", 31 0, v0x5596cd2bb190_0;  1 drivers
v0x5596cd2c8cf0_0 .net "result_xm", 31 0, v0x5596cd2bd4c0_0;  1 drivers
v0x5596cd2c8d90_0 .net "rs_ix", 4 0, v0x5596cd2ba380_0;  1 drivers
v0x5596cd2c8e80_0 .net "rs_value", 31 0, L_0x5596cd2db1c0;  1 drivers
v0x5596cd2c8f70_0 .net "rs_value_ix", 31 0, v0x5596cd2b8540_0;  1 drivers
v0x5596cd2c9060_0 .net "rt_ix", 4 0, v0x5596cd2baa90_0;  1 drivers
v0x5596cd2c9100_0 .net "rt_value", 31 0, L_0x5596cd2db460;  1 drivers
v0x5596cd2c91a0_0 .net "rt_value_ix", 31 0, v0x5596cd2b8c50_0;  1 drivers
v0x5596cd2c9240_0 .net "rt_value_xm", 31 0, v0x5596cd2c09a0_0;  1 drivers
v0x5596cd2c9330_0 .net "simm", 31 0, L_0x5596cd2dc090;  1 drivers
v0x5596cd2c9420_0 .net "write_data", 31 0, L_0x5596cd2dc8f0;  1 drivers
v0x5596cd2c9550_0 .net "write_reg", 4 0, L_0x5596cd2dbe40;  1 drivers
v0x5596cd2c95f0_0 .net "write_reg_mb", 4 0, v0x5596cd2bcdc0_0;  1 drivers
v0x5596cd2c9690_0 .net "write_reg_xm", 4 0, v0x5596cd2c17a0_0;  1 drivers
v0x5596cd2c9730_0 .net "zero", 0 0, L_0x5596cd2dc270;  1 drivers
v0x5596cd2c9820_0 .net "zero_xm", 0 0, v0x5596cd2c1eb0_0;  1 drivers
L_0x5596cd2d9df0 .part v0x5596cd2b3640_0, 21, 5;
L_0x5596cd2d9ee0 .part v0x5596cd2b3640_0, 16, 5;
L_0x5596cd2da2f0 .part v0x5596cd2b3640_0, 0, 26;
L_0x5596cd2da470 .part v0x5596cd2b2f40_0, 28, 4;
L_0x5596cd2da510 .concat [ 28 4 0 0], L_0x5596cd2da160, L_0x5596cd2da470;
L_0x5596cd2da600 .part v0x5596cd2b3640_0, 26, 6;
L_0x5596cd2db520 .part v0x5596cd2b3640_0, 21, 5;
L_0x5596cd2db610 .part v0x5596cd2b3640_0, 16, 5;
L_0x5596cd2dbaf0 .part v0x5596cd2b3640_0, 0, 16;
L_0x5596cd2dbb90 .part v0x5596cd2b3640_0, 21, 5;
L_0x5596cd2dbc90 .part v0x5596cd2b3640_0, 16, 5;
L_0x5596cd2dbd30 .part v0x5596cd2b3640_0, 11, 5;
L_0x5596cd2dc130 .part v0x5596cd2b53f0_0, 0, 6;
S_0x5596cd2636f0 .scope module, "FU" "ForwardingUnit" 3 169, 4 1 0, S_0x5596cd265100;
 .timescale 0 0;
    .port_info 0 /OUTPUT 2 "Operand1_MUX";
    .port_info 1 /OUTPUT 2 "Operand2_MUX";
    .port_info 2 /INPUT 1 "EX_MEM_RegWrite";
    .port_info 3 /INPUT 1 "MEM_WB_RegWrite";
    .port_info 4 /INPUT 5 "ID_EX_rs";
    .port_info 5 /INPUT 5 "ID_EX_rt";
    .port_info 6 /INPUT 5 "EX_MEM_rd";
    .port_info 7 /INPUT 5 "MEM_WB_rd";
v0x5596cd282450_0 .net "EX_MEM_RegWrite", 0 0, v0x5596cd2c1090_0;  alias, 1 drivers
v0x5596cd27b510_0 .net "EX_MEM_rd", 4 0, v0x5596cd2c17a0_0;  alias, 1 drivers
v0x5596cd27ec80_0 .net "ID_EX_rs", 4 0, v0x5596cd2ba380_0;  alias, 1 drivers
v0x5596cd27d640_0 .net "ID_EX_rt", 4 0, v0x5596cd2baa90_0;  alias, 1 drivers
v0x5596cd2677b0_0 .net "MEM_WB_RegWrite", 0 0, v0x5596cd2bc6c0_0;  alias, 1 drivers
v0x5596cd266ff0_0 .net "MEM_WB_rd", 4 0, v0x5596cd2bcdc0_0;  alias, 1 drivers
v0x5596cd263e50_0 .var "Operand1_MUX", 1 0;
v0x5596cd2a66c0_0 .var "Operand2_MUX", 1 0;
E_0x5596cd1dcb30/0 .event edge, v0x5596cd282450_0, v0x5596cd27b510_0, v0x5596cd27ec80_0, v0x5596cd2677b0_0;
E_0x5596cd1dcb30/1 .event edge, v0x5596cd266ff0_0, v0x5596cd27d640_0;
E_0x5596cd1dcb30 .event/or E_0x5596cd1dcb30/0, E_0x5596cd1dcb30/1;
S_0x5596cd277230 .scope module, "HD" "hazardDetection" 3 106, 5 1 0, S_0x5596cd265100;
 .timescale 0 0;
    .port_info 0 /OUTPUT 1 "HazardBit";
    .port_info 1 /OUTPUT 1 "PCWrite";
    .port_info 2 /OUTPUT 1 "IF_ID_write";
    .port_info 3 /OUTPUT 1 "ControlMuxBit";
    .port_info 4 /INPUT 1 "ID_EX_MemRead";
    .port_info 5 /INPUT 5 "ID_EX_rt";
    .port_info 6 /INPUT 5 "IF_ID_rs";
    .port_info 7 /INPUT 5 "IF_ID_rt";
v0x5596cd2a69e0_0 .var "ControlMuxBit", 0 0;
v0x5596cd2a6ac0_0 .var "HazardBit", 0 0;
v0x5596cd2a6b80_0 .net "ID_EX_MemRead", 0 0, v0x5596cd2b6240_0;  alias, 1 drivers
v0x5596cd2a6c20_0 .net "ID_EX_rt", 4 0, v0x5596cd2baa90_0;  alias, 1 drivers
v0x5596cd2a6ce0_0 .net "IF_ID_rs", 4 0, L_0x5596cd2d9df0;  1 drivers
v0x5596cd2a6df0_0 .net "IF_ID_rt", 4 0, L_0x5596cd2d9ee0;  1 drivers
v0x5596cd2a6ed0_0 .var "IF_ID_write", 0 0;
v0x5596cd2a6f90_0 .var "PCWrite", 0 0;
E_0x5596cd232d40 .event edge, v0x5596cd2a6b80_0, v0x5596cd27d640_0, v0x5596cd2a6ce0_0, v0x5596cd2a6df0_0;
S_0x5596cd2a71a0 .scope module, "alu" "Alu" 3 171, 6 1 0, S_0x5596cd265100;
 .timescale 0 0;
    .port_info 0 /INPUT 4 "op";
    .port_info 1 /INPUT 32 "a";
    .port_info 2 /INPUT 32 "b";
    .port_info 3 /OUTPUT 32 "c";
    .port_info 4 /OUTPUT 1 "zero";
v0x5596cd2a7350_0 .net "a", 31 0, v0x5596cd2af480_0;  alias, 1 drivers
v0x5596cd2a7450_0 .net "b", 31 0, L_0x5596cd2dc1d0;  alias, 1 drivers
v0x5596cd2a7530_0 .var "c", 31 0;
v0x5596cd2a75f0_0 .net "op", 3 0, v0x5596cd2a7b10_0;  alias, 1 drivers
v0x5596cd2a76d0_0 .net "zero", 0 0, L_0x5596cd2dc270;  alias, 1 drivers
E_0x5596cd2966a0 .event edge, v0x5596cd2a75f0_0, v0x5596cd2a7350_0, v0x5596cd2a7450_0;
L_0x5596cd2dc270 .reduce/nor v0x5596cd2a7530_0;
S_0x5596cd2a7880 .scope module, "alu_control" "AluControl" 3 166, 7 1 0, S_0x5596cd265100;
 .timescale 0 0;
    .port_info 0 /INPUT 2 "alu_op";
    .port_info 1 /INPUT 6 "funct";
    .port_info 2 /OUTPUT 4 "alu_control";
v0x5596cd2a7b10_0 .var "alu_control", 3 0;
v0x5596cd2a7bf0_0 .net "alu_op", 1 0, v0x5596cd2b3d50_0;  alias, 1 drivers
v0x5596cd2a7cb0_0 .net "funct", 5 0, L_0x5596cd2dc130;  1 drivers
E_0x5596cd274cb0 .event edge, v0x5596cd2a7bf0_0, v0x5596cd2a7cb0_0;
S_0x5596cd2a7e20 .scope module, "and_branch" "And" 3 187, 8 1 0, S_0x5596cd265100;
 .timescale 0 0;
    .port_info 0 /INPUT 1 "a";
    .port_info 1 /INPUT 1 "b";
    .port_info 2 /OUTPUT 1 "result";
v0x5596cd2a80e0_0 .net "a", 0 0, v0x5596cd2bdb60_0;  alias, 1 drivers
v0x5596cd2a81c0_0 .net "b", 0 0, v0x5596cd2c1eb0_0;  alias, 1 drivers
v0x5596cd2a8280_0 .var "result", 0 0;
E_0x5596cd1dceb0 .event edge, v0x5596cd2a80e0_0, v0x5596cd2a81c0_0;
S_0x5596cd2a83a0 .scope module, "branch_adder" "Adder" 3 158, 9 1 0, S_0x5596cd265100;
 .timescale 0 0;
    .port_info 0 /INPUT 32 "in1";
    .port_info 1 /INPUT 32 "in2";
    .port_info 2 /OUTPUT 32 "out";
v0x5596cd2a85d0_0 .net "in1", 31 0, v0x5596cd2b7760_0;  alias, 1 drivers
v0x5596cd2a86d0_0 .net "in2", 31 0, L_0x5596cd2dc090;  alias, 1 drivers
v0x5596cd2a87b0_0 .net "out", 31 0, L_0x5596cd2dbee0;  alias, 1 drivers
L_0x5596cd2dbee0 .arith/sum 32, v0x5596cd2b7760_0, L_0x5596cd2dc090;
S_0x5596cd2a8920 .scope module, "control" "Control" 3 109, 10 1 0, S_0x5596cd265100;
 .timescale 0 0;
    .port_info 0 /INPUT 6 "opcode";
    .port_info 1 /OUTPUT 1 "reg_dst";
    .port_info 2 /OUTPUT 1 "jump";
    .port_info 3 /OUTPUT 1 "branch";
    .port_info 4 /OUTPUT 1 "mem_read";
    .port_info 5 /OUTPUT 1 "mem_to_reg";
    .port_info 6 /OUTPUT 2 "alu_op";
    .port_info 7 /OUTPUT 1 "mem_write";
    .port_info 8 /OUTPUT 1 "alu_src";
    .port_info 9 /OUTPUT 1 "reg_write";
v0x5596cd2a8c20_0 .var "alu_op", 1 0;
v0x5596cd2a8d20_0 .var "alu_src", 0 0;
v0x5596cd2a8de0_0 .var "branch", 0 0;
v0x5596cd2a8eb0_0 .var "jump", 0 0;
v0x5596cd2a8f70_0 .var "mem_read", 0 0;
v0x5596cd2a9080_0 .var "mem_to_reg", 0 0;
v0x5596cd2a9140_0 .var "mem_write", 0 0;
v0x5596cd2a9200_0 .net "opcode", 5 0, L_0x5596cd2da600;  1 drivers
v0x5596cd2a92e0_0 .var "reg_dst", 0 0;
v0x5596cd2a93a0_0 .var "reg_write", 0 0;
E_0x5596cd1c8210 .event edge, v0x5596cd2a9200_0;
S_0x5596cd2a95a0 .scope module, "dmem" "Dmem" 3 191, 11 1 0, S_0x5596cd265100;
 .timescale 0 0;
    .port_info 0 /INPUT 1 "clk";
    .port_info 1 /INPUT 32 "address";
    .port_info 2 /INPUT 32 "write_data";
    .port_info 3 /INPUT 1 "mem_read";
    .port_info 4 /INPUT 1 "mem_write";
    .port_info 5 /OUTPUT 32 "read_data";
v0x5596cd2a9810_0 .net *"_ivl_0", 31 0, L_0x5596cd2dc660;  1 drivers
v0x5596cd2a9910_0 .net "address", 31 0, v0x5596cd2bd4c0_0;  alias, 1 drivers
v0x5596cd2a99f0_0 .net "clk", 0 0, v0x5596cd2c9910_0;  alias, 1 drivers
v0x5596cd2a9a90 .array "mem", 255 0, 31 0;
v0x5596cd2a9b50_0 .net "mem_read", 0 0, v0x5596cd2bf080_0;  alias, 1 drivers
v0x5596cd2a9c60_0 .net "mem_write", 0 0, v0x5596cd2bfe70_0;  alias, 1 drivers
v0x5596cd2a9d20_0 .net "read_data", 31 0, L_0x5596cd2dc700;  alias, 1 drivers
v0x5596cd2a9e00_0 .net "write_data", 31 0, v0x5596cd2c09a0_0;  alias, 1 drivers
E_0x5596cd29b5d0 .event posedge, v0x5596cd2a99f0_0;
L_0x5596cd2dc660 .array/port v0x5596cd2a9a90, v0x5596cd2bd4c0_0;
L_0x5596cd2dc700 .functor MUXZ 32, L_0x5596cd2dc700, L_0x5596cd2dc660, v0x5596cd2bf080_0, C4<>;
S_0x5596cd2a9fe0 .scope module, "hazard_aluop" "Mux" 3 128, 12 1 0, S_0x5596cd265100;
 .timescale 0 0;
    .port_info 0 /INPUT 1 "flag";
    .port_info 1 /INPUT 2 "in1";
    .port_info 2 /INPUT 2 "in2";
    .port_info 3 /OUTPUT 2 "out";
P_0x5596cd2a8000 .param/l "WIDTH" 0 12 2, +C4<00000000000000000000000000000010>;
v0x5596cd2aa2d0_0 .net "flag", 0 0, v0x5596cd2a69e0_0;  alias, 1 drivers
v0x5596cd2aa3c0_0 .net "in1", 1 0, v0x5596cd2a8c20_0;  alias, 1 drivers
L_0x7fcd19476330 .functor BUFT 1, C4<00>, C4<0>, C4<0>, C4<0>;
v0x5596cd2aa490_0 .net "in2", 1 0, L_0x7fcd19476330;  1 drivers
v0x5596cd2aa560_0 .net "out", 1 0, L_0x5596cd2daef0;  alias, 1 drivers
L_0x5596cd2daef0 .functor MUXZ 2, v0x5596cd2a8c20_0, L_0x7fcd19476330, v0x5596cd2a69e0_0, C4<>;
S_0x5596cd2aa6f0 .scope module, "hazard_alusrc" "Mux" 3 126, 12 1 0, S_0x5596cd265100;
 .timescale 0 0;
    .port_info 0 /INPUT 1 "flag";
    .port_info 1 /INPUT 1 "in1";
    .port_info 2 /INPUT 1 "in2";
    .port_info 3 /OUTPUT 1 "out";
P_0x5596cd2aa8d0 .param/l "WIDTH" 0 12 2, +C4<00000000000000000000000000000001>;
v0x5596cd2aa9a0_0 .net "flag", 0 0, v0x5596cd2a69e0_0;  alias, 1 drivers
v0x5596cd2aaab0_0 .net "in1", 0 0, v0x5596cd2a8d20_0;  alias, 1 drivers
L_0x7fcd194762a0 .functor BUFT 1, C4<0>, C4<0>, C4<0>, C4<0>;
v0x5596cd2aab70_0 .net "in2", 0 0, L_0x7fcd194762a0;  1 drivers
v0x5596cd2aac40_0 .net "out", 0 0, L_0x5596cd2dad60;  alias, 1 drivers
L_0x5596cd2dad60 .functor MUXZ 1, v0x5596cd2a8d20_0, L_0x7fcd194762a0, v0x5596cd2a69e0_0, C4<>;
S_0x5596cd2aadd0 .scope module, "hazard_branch" "Mux" 3 122, 12 1 0, S_0x5596cd265100;
 .timescale 0 0;
    .port_info 0 /INPUT 1 "flag";
    .port_info 1 /INPUT 1 "in1";
    .port_info 2 /INPUT 1 "in2";
    .port_info 3 /OUTPUT 1 "out";
P_0x5596cd2aafb0 .param/l "WIDTH" 0 12 2, +C4<00000000000000000000000000000001>;
v0x5596cd2ab080_0 .net "flag", 0 0, v0x5596cd2a69e0_0;  alias, 1 drivers
v0x5596cd2ab140_0 .net "in1", 0 0, v0x5596cd2a8de0_0;  alias, 1 drivers
L_0x7fcd19476180 .functor BUFT 1, C4<0>, C4<0>, C4<0>, C4<0>;
v0x5596cd2ab230_0 .net "in2", 0 0, L_0x7fcd19476180;  1 drivers
v0x5596cd2ab300_0 .net "out", 0 0, L_0x5596cd2da910;  alias, 1 drivers
L_0x5596cd2da910 .functor MUXZ 1, v0x5596cd2a8de0_0, L_0x7fcd19476180, v0x5596cd2a69e0_0, C4<>;
S_0x5596cd2ab490 .scope module, "hazard_jump" "Mux" 3 121, 12 1 0, S_0x5596cd265100;
 .timescale 0 0;
    .port_info 0 /INPUT 1 "flag";
    .port_info 1 /INPUT 1 "in1";
    .port_info 2 /INPUT 1 "in2";
    .port_info 3 /OUTPUT 1 "out";
P_0x5596cd2ab670 .param/l "WIDTH" 0 12 2, +C4<00000000000000000000000000000001>;
v0x5596cd2ab740_0 .net "flag", 0 0, v0x5596cd2a69e0_0;  alias, 1 drivers
v0x5596cd2ab800_0 .net "in1", 0 0, v0x5596cd2a8eb0_0;  alias, 1 drivers
L_0x7fcd19476138 .functor BUFT 1, C4<0>, C4<0>, C4<0>, C4<0>;
v0x5596cd2ab8f0_0 .net "in2", 0 0, L_0x7fcd19476138;  1 drivers
v0x5596cd2ab9c0_0 .net "out", 0 0, L_0x5596cd2da7d0;  alias, 1 drivers
L_0x5596cd2da7d0 .functor MUXZ 1, v0x5596cd2a8eb0_0, L_0x7fcd19476138, v0x5596cd2a69e0_0, C4<>;
S_0x5596cd2abb50 .scope module, "hazard_mem_read" "Mux" 3 123, 12 1 0, S_0x5596cd265100;
 .timescale 0 0;
    .port_info 0 /INPUT 1 "flag";
    .port_info 1 /INPUT 1 "in1";
    .port_info 2 /INPUT 1 "in2";
    .port_info 3 /OUTPUT 1 "out";
P_0x5596cd2abce0 .param/l "WIDTH" 0 12 2, +C4<00000000000000000000000000000001>;
v0x5596cd2abe40_0 .net "flag", 0 0, v0x5596cd2a69e0_0;  alias, 1 drivers
v0x5596cd2abf00_0 .net "in1", 0 0, v0x5596cd2a8f70_0;  alias, 1 drivers
L_0x7fcd194761c8 .functor BUFT 1, C4<0>, C4<0>, C4<0>, C4<0>;
v0x5596cd2abff0_0 .net "in2", 0 0, L_0x7fcd194761c8;  1 drivers
v0x5596cd2ac0c0_0 .net "out", 0 0, L_0x5596cd2daa00;  alias, 1 drivers
L_0x5596cd2daa00 .functor MUXZ 1, v0x5596cd2a8f70_0, L_0x7fcd194761c8, v0x5596cd2a69e0_0, C4<>;
S_0x5596cd2ac250 .scope module, "hazard_memtoreg" "Mux" 3 124, 12 1 0, S_0x5596cd265100;
 .timescale 0 0;
    .port_info 0 /INPUT 1 "flag";
    .port_info 1 /INPUT 1 "in1";
    .port_info 2 /INPUT 1 "in2";
    .port_info 3 /OUTPUT 1 "out";
P_0x5596cd2ac430 .param/l "WIDTH" 0 12 2, +C4<00000000000000000000000000000001>;
v0x5596cd2ac500_0 .net "flag", 0 0, v0x5596cd2a69e0_0;  alias, 1 drivers
v0x5596cd2ac5c0_0 .net "in1", 0 0, v0x5596cd2a9080_0;  alias, 1 drivers
L_0x7fcd19476210 .functor BUFT 1, C4<0>, C4<0>, C4<0>, C4<0>;
v0x5596cd2ac6b0_0 .net "in2", 0 0, L_0x7fcd19476210;  1 drivers
v0x5596cd2ac780_0 .net "out", 0 0, L_0x5596cd2daaf0;  alias, 1 drivers
L_0x5596cd2daaf0 .functor MUXZ 1, v0x5596cd2a9080_0, L_0x7fcd19476210, v0x5596cd2a69e0_0, C4<>;
S_0x5596cd2ac910 .scope module, "hazard_memwrite" "Mux" 3 125, 12 1 0, S_0x5596cd265100;
 .timescale 0 0;
    .port_info 0 /INPUT 1 "flag";
    .port_info 1 /INPUT 1 "in1";
    .port_info 2 /INPUT 1 "in2";
    .port_info 3 /OUTPUT 1 "out";
P_0x5596cd2acaf0 .param/l "WIDTH" 0 12 2, +C4<00000000000000000000000000000001>;
v0x5596cd2acbc0_0 .net "flag", 0 0, v0x5596cd2a69e0_0;  alias, 1 drivers
v0x5596cd2acc80_0 .net "in1", 0 0, v0x5596cd2a9140_0;  alias, 1 drivers
L_0x7fcd19476258 .functor BUFT 1, C4<0>, C4<0>, C4<0>, C4<0>;
v0x5596cd2acd70_0 .net "in2", 0 0, L_0x7fcd19476258;  1 drivers
v0x5596cd2ace40_0 .net "out", 0 0, L_0x5596cd2dabe0;  alias, 1 drivers
L_0x5596cd2dabe0 .functor MUXZ 1, v0x5596cd2a9140_0, L_0x7fcd19476258, v0x5596cd2a69e0_0, C4<>;
S_0x5596cd2acfd0 .scope module, "hazard_regdst" "Mux" 3 120, 12 1 0, S_0x5596cd265100;
 .timescale 0 0;
    .port_info 0 /INPUT 1 "flag";
    .port_info 1 /INPUT 1 "in1";
    .port_info 2 /INPUT 1 "in2";
    .port_info 3 /OUTPUT 1 "out";
P_0x5596cd2ad1b0 .param/l "WIDTH" 0 12 2, +C4<00000000000000000000000000000001>;
v0x5596cd2ad2f0_0 .net "flag", 0 0, v0x5596cd2a69e0_0;  alias, 1 drivers
v0x5596cd2ad3b0_0 .net "in1", 0 0, v0x5596cd2a92e0_0;  alias, 1 drivers
L_0x7fcd194760f0 .functor BUFT 1, C4<0>, C4<0>, C4<0>, C4<0>;
v0x5596cd2ad4a0_0 .net "in2", 0 0, L_0x7fcd194760f0;  1 drivers
v0x5596cd2ad570_0 .net "out", 0 0, L_0x5596cd2da6e0;  alias, 1 drivers
L_0x5596cd2da6e0 .functor MUXZ 1, v0x5596cd2a92e0_0, L_0x7fcd194760f0, v0x5596cd2a69e0_0, C4<>;
S_0x5596cd2ad700 .scope module, "hazard_regwrite" "Mux" 3 127, 12 1 0, S_0x5596cd265100;
 .timescale 0 0;
    .port_info 0 /INPUT 1 "flag";
    .port_info 1 /INPUT 1 "in1";
    .port_info 2 /INPUT 1 "in2";
    .port_info 3 /OUTPUT 1 "out";
P_0x5596cd2ad8e0 .param/l "WIDTH" 0 12 2, +C4<00000000000000000000000000000001>;
v0x5596cd2ada20_0 .net "flag", 0 0, v0x5596cd2a69e0_0;  alias, 1 drivers
v0x5596cd2adae0_0 .net "in1", 0 0, v0x5596cd2a93a0_0;  alias, 1 drivers
L_0x7fcd194762e8 .functor BUFT 1, C4<0>, C4<0>, C4<0>, C4<0>;
v0x5596cd2adbd0_0 .net "in2", 0 0, L_0x7fcd194762e8;  1 drivers
v0x5596cd2adca0_0 .net "out", 0 0, L_0x5596cd2dae00;  alias, 1 drivers
L_0x5596cd2dae00 .functor MUXZ 1, v0x5596cd2a93a0_0, L_0x7fcd194762e8, v0x5596cd2a69e0_0, C4<>;
S_0x5596cd2ade30 .scope module, "imem" "Imem" 3 99, 13 1 0, S_0x5596cd265100;
 .timescale 0 0;
    .port_info 0 /INPUT 32 "address";
    .port_info 1 /OUTPUT 32 "read_data";
L_0x5596cd2c9b50 .functor BUFZ 32, L_0x5596cd2d9c60, C4<00000000000000000000000000000000>, C4<00000000000000000000000000000000>, C4<00000000000000000000000000000000>;
v0x5596cd2ae030_0 .net *"_ivl_0", 31 0, L_0x5596cd2d9c60;  1 drivers
v0x5596cd2ae130_0 .net *"_ivl_3", 29 0, L_0x5596cd2d9d00;  1 drivers
v0x5596cd2ae210_0 .net "address", 31 0, v0x5596cd2b2290_0;  alias, 1 drivers
v0x5596cd2ae2d0_0 .var/i "i", 31 0;
v0x5596cd2ae3b0 .array "mem", 255 0, 31 0;
v0x5596cd2ae4c0_0 .net "read_data", 31 0, L_0x5596cd2c9b50;  alias, 1 drivers
L_0x5596cd2d9c60 .array/port v0x5596cd2ae3b0, L_0x5596cd2d9d00;
L_0x5596cd2d9d00 .part v0x5596cd2b2290_0, 2, 30;
S_0x5596cd2ae600 .scope module, "mux_alu" "Mux" 3 170, 12 1 0, S_0x5596cd265100;
 .timescale 0 0;
    .port_info 0 /INPUT 1 "flag";
    .port_info 1 /INPUT 32 "in1";
    .port_info 2 /INPUT 32 "in2";
    .port_info 3 /OUTPUT 32 "out";
P_0x5596cd2ae7e0 .param/l "WIDTH" 0 12 2, +C4<00000000000000000000000000100000>;
v0x5596cd2ae920_0 .net "flag", 0 0, v0x5596cd2b4400_0;  alias, 1 drivers
v0x5596cd2ae9e0_0 .net "in1", 31 0, v0x5596cd2afdb0_0;  alias, 1 drivers
v0x5596cd2aeac0_0 .net "in2", 31 0, v0x5596cd2b53f0_0;  alias, 1 drivers
v0x5596cd2aebb0_0 .net "out", 31 0, L_0x5596cd2dc1d0;  alias, 1 drivers
L_0x5596cd2dc1d0 .functor MUXZ 32, v0x5596cd2afdb0_0, v0x5596cd2b53f0_0, v0x5596cd2b4400_0, C4<>;
S_0x5596cd2aed30 .scope module, "mux_alu_op1" "MUX3to1" 3 167, 14 1 0, S_0x5596cd265100;
 .timescale 0 0;
    .port_info 0 /INPUT 2 "flag";
    .port_info 1 /INPUT 32 "in1";
    .port_info 2 /INPUT 32 "in2";
    .port_info 3 /INPUT 32 "in3";
    .port_info 4 /OUTPUT 32 "out";
P_0x5596cd2aef10 .param/l "WIDTH" 0 14 2, +C4<00000000000000000000000000100000>;
v0x5596cd2af0f0_0 .net "flag", 1 0, v0x5596cd263e50_0;  alias, 1 drivers
v0x5596cd2af200_0 .net "in1", 31 0, v0x5596cd2b8540_0;  alias, 1 drivers
v0x5596cd2af2c0_0 .net "in2", 31 0, v0x5596cd2bd4c0_0;  alias, 1 drivers
v0x5596cd2af3c0_0 .net "in3", 31 0, L_0x5596cd2dc8f0;  alias, 1 drivers
v0x5596cd2af480_0 .var "out", 31 0;
E_0x5596cd2af060 .event edge, v0x5596cd263e50_0, v0x5596cd2af200_0, v0x5596cd2a9910_0, v0x5596cd2af3c0_0;
S_0x5596cd2af640 .scope module, "mux_alu_op2" "MUX3to1" 3 168, 14 1 0, S_0x5596cd265100;
 .timescale 0 0;
    .port_info 0 /INPUT 2 "flag";
    .port_info 1 /INPUT 32 "in1";
    .port_info 2 /INPUT 32 "in2";
    .port_info 3 /INPUT 32 "in3";
    .port_info 4 /OUTPUT 32 "out";
P_0x5596cd2af820 .param/l "WIDTH" 0 14 2, +C4<00000000000000000000000000100000>;
v0x5596cd2afa00_0 .net "flag", 1 0, v0x5596cd2a66c0_0;  alias, 1 drivers
v0x5596cd2afb10_0 .net "in1", 31 0, v0x5596cd2b8c50_0;  alias, 1 drivers
v0x5596cd2afbd0_0 .net "in2", 31 0, v0x5596cd2bd4c0_0;  alias, 1 drivers
v0x5596cd2afcf0_0 .net "in3", 31 0, L_0x5596cd2dc8f0;  alias, 1 drivers
v0x5596cd2afdb0_0 .var "out", 31 0;
E_0x5596cd2af970 .event edge, v0x5596cd2a66c0_0, v0x5596cd2afb10_0, v0x5596cd2a9910_0, v0x5596cd2af3c0_0;
S_0x5596cd2aff50 .scope module, "mux_branch" "Mux" 3 188, 12 1 0, S_0x5596cd265100;
 .timescale 0 0;
    .port_info 0 /INPUT 1 "flag";
    .port_info 1 /INPUT 32 "in1";
    .port_info 2 /INPUT 32 "in2";
    .port_info 3 /OUTPUT 32 "out";
P_0x5596cd2b0130 .param/l "WIDTH" 0 12 2, +C4<00000000000000000000000000100000>;
v0x5596cd2b0270_0 .net "flag", 0 0, v0x5596cd2a8280_0;  alias, 1 drivers
v0x5596cd2b0360_0 .net "in1", 31 0, L_0x5596cd2c9ab0;  alias, 1 drivers
v0x5596cd2b0420_0 .net "in2", 31 0, v0x5596cd2be260_0;  alias, 1 drivers
v0x5596cd2b0510_0 .net "out", 31 0, L_0x5596cd2dc520;  alias, 1 drivers
L_0x5596cd2dc520 .functor MUXZ 32, L_0x5596cd2c9ab0, v0x5596cd2be260_0, v0x5596cd2a8280_0, C4<>;
S_0x5596cd2b06a0 .scope module, "mux_jump" "Mux" 3 189, 12 1 0, S_0x5596cd265100;
 .timescale 0 0;
    .port_info 0 /INPUT 1 "flag";
    .port_info 1 /INPUT 32 "in1";
    .port_info 2 /INPUT 32 "in2";
    .port_info 3 /OUTPUT 32 "out";
P_0x5596cd2b0880 .param/l "WIDTH" 0 12 2, +C4<00000000000000000000000000100000>;
v0x5596cd2b09c0_0 .net "flag", 0 0, v0x5596cd2be960_0;  alias, 1 drivers
v0x5596cd2b0aa0_0 .net "in1", 31 0, L_0x5596cd2dc520;  alias, 1 drivers
v0x5596cd2b0b90_0 .net "in2", 31 0, L_0x5596cd2da510;  alias, 1 drivers
v0x5596cd2b0c60_0 .net "out", 31 0, L_0x5596cd2dc5c0;  alias, 1 drivers
L_0x5596cd2dc5c0 .functor MUXZ 32, L_0x5596cd2dc520, L_0x5596cd2da510, v0x5596cd2be960_0, C4<>;
S_0x5596cd2b0df0 .scope module, "mux_mem" "Mux" 3 200, 12 1 0, S_0x5596cd265100;
 .timescale 0 0;
    .port_info 0 /INPUT 1 "flag";
    .port_info 1 /INPUT 32 "in1";
    .port_info 2 /INPUT 32 "in2";
    .port_info 3 /OUTPUT 32 "out";
P_0x5596cd2b0fd0 .param/l "WIDTH" 0 12 2, +C4<00000000000000000000000000100000>;
v0x5596cd2b1110_0 .net "flag", 0 0, v0x5596cd2bb880_0;  alias, 1 drivers
v0x5596cd2b11f0_0 .net "in1", 31 0, v0x5596cd2bb190_0;  alias, 1 drivers
v0x5596cd2b12d0_0 .net "in2", 31 0, v0x5596cd2bbfc0_0;  alias, 1 drivers
v0x5596cd2b13c0_0 .net "out", 31 0, L_0x5596cd2dc8f0;  alias, 1 drivers
L_0x5596cd2dc8f0 .functor MUXZ 32, v0x5596cd2bb190_0, v0x5596cd2bbfc0_0, v0x5596cd2bb880_0, C4<>;
S_0x5596cd2b1550 .scope module, "mux_reg" "Mux" 3 157, 12 1 0, S_0x5596cd265100;
 .timescale 0 0;
    .port_info 0 /INPUT 1 "flag";
    .port_info 1 /INPUT 5 "in1";
    .port_info 2 /INPUT 5 "in2";
    .port_info 3 /OUTPUT 5 "out";
P_0x5596cd2b1730 .param/l "WIDTH" 0 12 2, +C4<00000000000000000000000000000101>;
v0x5596cd2b1870_0 .net "flag", 0 0, v0x5596cd2b95a0_0;  alias, 1 drivers
v0x5596cd2b1950_0 .net "in1", 4 0, v0x5596cd2baa90_0;  alias, 1 drivers
v0x5596cd2b1a60_0 .net "in2", 4 0, v0x5596cd2b7e30_0;  alias, 1 drivers
v0x5596cd2b1b20_0 .net "out", 4 0, L_0x5596cd2dbe40;  alias, 1 drivers
L_0x5596cd2dbe40 .functor MUXZ 5, v0x5596cd2baa90_0, v0x5596cd2b7e30_0, v0x5596cd2b95a0_0, C4<>;
S_0x5596cd2b1cb0 .scope module, "pc" "PC" 3 97, 15 1 0, S_0x5596cd265100;
 .timescale 0 0;
    .port_info 0 /INPUT 1 "PCWrite";
    .port_info 1 /INPUT 1 "clk";
    .port_info 2 /INPUT 32 "in";
    .port_info 3 /OUTPUT 32 "out";
v0x5596cd2b1f00_0 .net "PCWrite", 0 0, v0x5596cd2a6f90_0;  alias, 1 drivers
v0x5596cd2b1ff0_0 .net "clk", 0 0, v0x5596cd2c9910_0;  alias, 1 drivers
v0x5596cd2b20c0_0 .net "in", 31 0, L_0x5596cd2dc5c0;  alias, 1 drivers
v0x5596cd2b21c0_0 .net "out", 31 0, v0x5596cd2b2290_0;  alias, 1 drivers
v0x5596cd2b2290_0 .var "pc", 31 0;
S_0x5596cd2b23e0 .scope module, "pc_adder" "Adder" 3 98, 9 1 0, S_0x5596cd265100;
 .timescale 0 0;
    .port_info 0 /INPUT 32 "in1";
    .port_info 1 /INPUT 32 "in2";
    .port_info 2 /OUTPUT 32 "out";
v0x5596cd2b2630_0 .net "in1", 31 0, v0x5596cd2b2290_0;  alias, 1 drivers
L_0x7fcd19476018 .functor BUFT 1, C4<00000000000000000000000000000100>, C4<0>, C4<0>, C4<0>;
v0x5596cd2b2760_0 .net "in2", 31 0, L_0x7fcd19476018;  1 drivers
v0x5596cd2b2840_0 .net "out", 31 0, L_0x5596cd2c9ab0;  alias, 1 drivers
L_0x5596cd2c9ab0 .arith/sum 32, v0x5596cd2b2290_0, L_0x7fcd19476018;
S_0x5596cd2b2940 .scope module, "reg_fd_1" "Register" 3 102, 16 1 0, S_0x5596cd265100;
 .timescale 0 0;
    .port_info 0 /INPUT 1 "IF_ID_write";
    .port_info 1 /INPUT 1 "clk";
    .port_info 2 /INPUT 32 "in";
    .port_info 3 /OUTPUT 32 "out";
P_0x5596cd2b2b20 .param/l "WIDTH" 0 16 1, +C4<00000000000000000000000000100000>;
v0x5596cd2b2c90_0 .net "IF_ID_write", 0 0, v0x5596cd2a6ed0_0;  alias, 1 drivers
v0x5596cd2b2d60_0 .net "clk", 0 0, v0x5596cd2c9910_0;  alias, 1 drivers
v0x5596cd2b2e50_0 .net "in", 31 0, L_0x5596cd2c9ab0;  alias, 1 drivers
v0x5596cd2b2f40_0 .var "out", 31 0;
S_0x5596cd2b3080 .scope module, "reg_fd_2" "Register" 3 103, 16 1 0, S_0x5596cd265100;
 .timescale 0 0;
    .port_info 0 /INPUT 1 "IF_ID_write";
    .port_info 1 /INPUT 1 "clk";
    .port_info 2 /INPUT 32 "in";
    .port_info 3 /OUTPUT 32 "out";
P_0x5596cd2b3260 .param/l "WIDTH" 0 16 1, +C4<00000000000000000000000000100000>;
v0x5596cd2b33a0_0 .net "IF_ID_write", 0 0, v0x5596cd2a6ed0_0;  alias, 1 drivers
v0x5596cd2b34b0_0 .net "clk", 0 0, v0x5596cd2c9910_0;  alias, 1 drivers
v0x5596cd2b3570_0 .net "in", 31 0, L_0x5596cd2c9b50;  alias, 1 drivers
v0x5596cd2b3640_0 .var "out", 31 0;
S_0x5596cd2b3790 .scope module, "reg_ix_aluOp" "Register" 3 140, 16 1 0, S_0x5596cd265100;
 .timescale 0 0;
    .port_info 0 /INPUT 1 "IF_ID_write";
    .port_info 1 /INPUT 1 "clk";
    .port_info 2 /INPUT 2 "in";
    .port_info 3 /OUTPUT 2 "out";
P_0x5596cd2b3970 .param/l "WIDTH" 0 16 1, +C4<00000000000000000000000000000010>;
L_0x7fcd19476570 .functor BUFT 1, C4<1>, C4<0>, C4<0>, C4<0>;
v0x5596cd2b3ab0_0 .net "IF_ID_write", 0 0, L_0x7fcd19476570;  1 drivers
v0x5596cd2b3b90_0 .net "clk", 0 0, v0x5596cd2c9910_0;  alias, 1 drivers
v0x5596cd2b3c50_0 .net "in", 1 0, L_0x5596cd2daef0;  alias, 1 drivers
v0x5596cd2b3d50_0 .var "out", 1 0;
S_0x5596cd2b3e90 .scope module, "reg_ix_aluSrc" "Register" 3 142, 16 1 0, S_0x5596cd265100;
 .timescale 0 0;
    .port_info 0 /INPUT 1 "IF_ID_write";
    .port_info 1 /INPUT 1 "clk";
    .port_info 2 /INPUT 1 "in";
    .port_info 3 /OUTPUT 1 "out";
P_0x5596cd2b4020 .param/l "WIDTH" 0 16 1, +C4<00000000000000000000000000000001>;
L_0x7fcd19476600 .functor BUFT 1, C4<1>, C4<0>, C4<0>, C4<0>;
v0x5596cd2b4160_0 .net "IF_ID_write", 0 0, L_0x7fcd19476600;  1 drivers
v0x5596cd2b4240_0 .net "clk", 0 0, v0x5596cd2c9910_0;  alias, 1 drivers
v0x5596cd2b4300_0 .net "in", 0 0, L_0x5596cd2dad60;  alias, 1 drivers
v0x5596cd2b4400_0 .var "out", 0 0;
S_0x5596cd2b4540 .scope module, "reg_ix_branch" "Register" 3 137, 16 1 0, S_0x5596cd265100;
 .timescale 0 0;
    .port_info 0 /INPUT 1 "IF_ID_write";
    .port_info 1 /INPUT 1 "clk";
    .port_info 2 /INPUT 1 "in";
    .port_info 3 /OUTPUT 1 "out";
P_0x5596cd2b4720 .param/l "WIDTH" 0 16 1, +C4<00000000000000000000000000000001>;
L_0x7fcd19476498 .functor BUFT 1, C4<1>, C4<0>, C4<0>, C4<0>;
v0x5596cd2b4860_0 .net "IF_ID_write", 0 0, L_0x7fcd19476498;  1 drivers
v0x5596cd2b4940_0 .net "clk", 0 0, v0x5596cd2c9910_0;  alias, 1 drivers
v0x5596cd2b4a00_0 .net "in", 0 0, L_0x5596cd2da910;  alias, 1 drivers
v0x5596cd2b4b00_0 .var "out", 0 0;
S_0x5596cd2b4c50 .scope module, "reg_ix_imm" "Register" 3 151, 16 1 0, S_0x5596cd265100;
 .timescale 0 0;
    .port_info 0 /INPUT 1 "IF_ID_write";
    .port_info 1 /INPUT 1 "clk";
    .port_info 2 /INPUT 32 "in";
    .port_info 3 /OUTPUT 32 "out";
P_0x5596cd2b5040 .param/l "WIDTH" 0 16 1, +C4<00000000000000000000000000100000>;
L_0x7fcd19476768 .functor BUFT 1, C4<1>, C4<0>, C4<0>, C4<0>;
v0x5596cd2b5180_0 .net "IF_ID_write", 0 0, L_0x7fcd19476768;  1 drivers
v0x5596cd2b5260_0 .net "clk", 0 0, v0x5596cd2c9910_0;  alias, 1 drivers
v0x5596cd2b5320_0 .net "in", 31 0, L_0x5596cd2dba00;  alias, 1 drivers
v0x5596cd2b53f0_0 .var "out", 31 0;
S_0x5596cd2b5570 .scope module, "reg_ix_jump" "Register" 3 136, 16 1 0, S_0x5596cd265100;
 .timescale 0 0;
    .port_info 0 /INPUT 1 "IF_ID_write";
    .port_info 1 /INPUT 1 "clk";
    .port_info 2 /INPUT 1 "in";
    .port_info 3 /OUTPUT 1 "out";
P_0x5596cd2b5750 .param/l "WIDTH" 0 16 1, +C4<00000000000000000000000000000001>;
L_0x7fcd19476450 .functor BUFT 1, C4<1>, C4<0>, C4<0>, C4<0>;
v0x5596cd2b5890_0 .net "IF_ID_write", 0 0, L_0x7fcd19476450;  1 drivers
v0x5596cd2b5970_0 .net "clk", 0 0, v0x5596cd2c9910_0;  alias, 1 drivers
v0x5596cd2b5a30_0 .net "in", 0 0, L_0x5596cd2da7d0;  alias, 1 drivers
v0x5596cd2b5b30_0 .var "out", 0 0;
S_0x5596cd2b5c80 .scope module, "reg_ix_memRead" "Register" 3 138, 16 1 0, S_0x5596cd265100;
 .timescale 0 0;
    .port_info 0 /INPUT 1 "IF_ID_write";
    .port_info 1 /INPUT 1 "clk";
    .port_info 2 /INPUT 1 "in";
    .port_info 3 /OUTPUT 1 "out";
P_0x5596cd2b5e60 .param/l "WIDTH" 0 16 1, +C4<00000000000000000000000000000001>;
L_0x7fcd194764e0 .functor BUFT 1, C4<1>, C4<0>, C4<0>, C4<0>;
v0x5596cd2b5fa0_0 .net "IF_ID_write", 0 0, L_0x7fcd194764e0;  1 drivers
v0x5596cd2b6080_0 .net "clk", 0 0, v0x5596cd2c9910_0;  alias, 1 drivers
v0x5596cd2b6140_0 .net "in", 0 0, L_0x5596cd2daa00;  alias, 1 drivers
v0x5596cd2b6240_0 .var "out", 0 0;
S_0x5596cd2b6380 .scope module, "reg_ix_memToReg" "Register" 3 139, 16 1 0, S_0x5596cd265100;
 .timescale 0 0;
    .port_info 0 /INPUT 1 "IF_ID_write";
    .port_info 1 /INPUT 1 "clk";
    .port_info 2 /INPUT 1 "in";
    .port_info 3 /OUTPUT 1 "out";
P_0x5596cd2b6560 .param/l "WIDTH" 0 16 1, +C4<00000000000000000000000000000001>;
L_0x7fcd19476528 .functor BUFT 1, C4<1>, C4<0>, C4<0>, C4<0>;
v0x5596cd2b66a0_0 .net "IF_ID_write", 0 0, L_0x7fcd19476528;  1 drivers
v0x5596cd2b6780_0 .net "clk", 0 0, v0x5596cd2c9910_0;  alias, 1 drivers
v0x5596cd2b6840_0 .net "in", 0 0, L_0x5596cd2daaf0;  alias, 1 drivers
v0x5596cd2b6940_0 .var "out", 0 0;
S_0x5596cd2b6a90 .scope module, "reg_ix_memWrite" "Register" 3 141, 16 1 0, S_0x5596cd265100;
 .timescale 0 0;
    .port_info 0 /INPUT 1 "IF_ID_write";
    .port_info 1 /INPUT 1 "clk";
    .port_info 2 /INPUT 1 "in";
    .port_info 3 /OUTPUT 1 "out";
P_0x5596cd2b6c70 .param/l "WIDTH" 0 16 1, +C4<00000000000000000000000000000001>;
L_0x7fcd194765b8 .functor BUFT 1, C4<1>, C4<0>, C4<0>, C4<0>;
v0x5596cd2b6db0_0 .net "IF_ID_write", 0 0, L_0x7fcd194765b8;  1 drivers
v0x5596cd2b6e90_0 .net "clk", 0 0, v0x5596cd2c9910_0;  alias, 1 drivers
v0x5596cd2b6f50_0 .net "in", 0 0, L_0x5596cd2dabe0;  alias, 1 drivers
v0x5596cd2b7050_0 .var "out", 0 0;
S_0x5596cd2b71a0 .scope module, "reg_ix_pc" "Register" 3 145, 16 1 0, S_0x5596cd265100;
 .timescale 0 0;
    .port_info 0 /INPUT 1 "IF_ID_write";
    .port_info 1 /INPUT 1 "clk";
    .port_info 2 /INPUT 32 "in";
    .port_info 3 /OUTPUT 32 "out";
P_0x5596cd2b7380 .param/l "WIDTH" 0 16 1, +C4<00000000000000000000000000100000>;
L_0x7fcd19476690 .functor BUFT 1, C4<1>, C4<0>, C4<0>, C4<0>;
v0x5596cd2b74c0_0 .net "IF_ID_write", 0 0, L_0x7fcd19476690;  1 drivers
v0x5596cd2b75a0_0 .net "clk", 0 0, v0x5596cd2c9910_0;  alias, 1 drivers
v0x5596cd2b7660_0 .net "in", 31 0, v0x5596cd2b2f40_0;  alias, 1 drivers
v0x5596cd2b7760_0 .var "out", 31 0;
S_0x5596cd2b78a0 .scope module, "reg_ix_rd" "Register" 3 154, 16 1 0, S_0x5596cd265100;
 .timescale 0 0;
    .port_info 0 /INPUT 1 "IF_ID_write";
    .port_info 1 /INPUT 1 "clk";
    .port_info 2 /INPUT 5 "in";
    .port_info 3 /OUTPUT 5 "out";
P_0x5596cd2b7a80 .param/l "WIDTH" 0 16 1, +C4<00000000000000000000000000000101>;
L_0x7fcd19476840 .functor BUFT 1, C4<1>, C4<0>, C4<0>, C4<0>;
v0x5596cd2b7bc0_0 .net "IF_ID_write", 0 0, L_0x7fcd19476840;  1 drivers
v0x5596cd2b7ca0_0 .net "clk", 0 0, v0x5596cd2c9910_0;  alias, 1 drivers
v0x5596cd2b7d60_0 .net "in", 4 0, L_0x5596cd2dbd30;  1 drivers
v0x5596cd2b7e30_0 .var "out", 4 0;
S_0x5596cd2b7fb0 .scope module, "reg_ix_readData1" "Register" 3 147, 16 1 0, S_0x5596cd265100;
 .timescale 0 0;
    .port_info 0 /INPUT 1 "IF_ID_write";
    .port_info 1 /INPUT 1 "clk";
    .port_info 2 /INPUT 32 "in";
    .port_info 3 /OUTPUT 32 "out";
P_0x5596cd2b8190 .param/l "WIDTH" 0 16 1, +C4<00000000000000000000000000100000>;
L_0x7fcd194766d8 .functor BUFT 1, C4<1>, C4<0>, C4<0>, C4<0>;
v0x5596cd2b82d0_0 .net "IF_ID_write", 0 0, L_0x7fcd194766d8;  1 drivers
v0x5596cd2b83b0_0 .net "clk", 0 0, v0x5596cd2c9910_0;  alias, 1 drivers
v0x5596cd2b8470_0 .net "in", 31 0, L_0x5596cd2db1c0;  alias, 1 drivers
v0x5596cd2b8540_0 .var "out", 31 0;
S_0x5596cd2b86c0 .scope module, "reg_ix_readData2" "Register" 3 148, 16 1 0, S_0x5596cd265100;
 .timescale 0 0;
    .port_info 0 /INPUT 1 "IF_ID_write";
    .port_info 1 /INPUT 1 "clk";
    .port_info 2 /INPUT 32 "in";
    .port_info 3 /OUTPUT 32 "out";
P_0x5596cd2b88a0 .param/l "WIDTH" 0 16 1, +C4<00000000000000000000000000100000>;
L_0x7fcd19476720 .functor BUFT 1, C4<1>, C4<0>, C4<0>, C4<0>;
v0x5596cd2b89e0_0 .net "IF_ID_write", 0 0, L_0x7fcd19476720;  1 drivers
v0x5596cd2b8ac0_0 .net "clk", 0 0, v0x5596cd2c9910_0;  alias, 1 drivers
v0x5596cd2b8b80_0 .net "in", 31 0, L_0x5596cd2db460;  alias, 1 drivers
v0x5596cd2b8c50_0 .var "out", 31 0;
S_0x5596cd2b8dd0 .scope module, "reg_ix_regDst" "Register" 3 135, 16 1 0, S_0x5596cd265100;
 .timescale 0 0;
    .port_info 0 /INPUT 1 "IF_ID_write";
    .port_info 1 /INPUT 1 "clk";
    .port_info 2 /INPUT 1 "in";
    .port_info 3 /OUTPUT 1 "out";
P_0x5596cd2b8fb0 .param/l "WIDTH" 0 16 1, +C4<00000000000000000000000000000001>;
L_0x7fcd19476408 .functor BUFT 1, C4<1>, C4<0>, C4<0>, C4<0>;
v0x5596cd2b90f0_0 .net "IF_ID_write", 0 0, L_0x7fcd19476408;  1 drivers
v0x5596cd2b91d0_0 .net "clk", 0 0, v0x5596cd2c9910_0;  alias, 1 drivers
v0x5596cd2b94a0_0 .net "in", 0 0, L_0x5596cd2da6e0;  alias, 1 drivers
v0x5596cd2b95a0_0 .var "out", 0 0;
S_0x5596cd2b96e0 .scope module, "reg_ix_regWrite" "Register" 3 143, 16 1 0, S_0x5596cd265100;
 .timescale 0 0;
    .port_info 0 /INPUT 1 "IF_ID_write";
    .port_info 1 /INPUT 1 "clk";
    .port_info 2 /INPUT 1 "in";
    .port_info 3 /OUTPUT 1 "out";
P_0x5596cd2b98c0 .param/l "WIDTH" 0 16 1, +C4<00000000000000000000000000000001>;
L_0x7fcd19476648 .functor BUFT 1, C4<1>, C4<0>, C4<0>, C4<0>;
v0x5596cd2b9a00_0 .net "IF_ID_write", 0 0, L_0x7fcd19476648;  1 drivers
v0x5596cd2b9ae0_0 .net "clk", 0 0, v0x5596cd2c9910_0;  alias, 1 drivers
v0x5596cd2b9ba0_0 .net "in", 0 0, L_0x5596cd2dae00;  alias, 1 drivers
v0x5596cd2b9ca0_0 .var "out", 0 0;
S_0x5596cd2b9df0 .scope module, "reg_ix_rs" "Register" 3 152, 16 1 0, S_0x5596cd265100;
 .timescale 0 0;
    .port_info 0 /INPUT 1 "IF_ID_write";
    .port_info 1 /INPUT 1 "clk";
    .port_info 2 /INPUT 5 "in";
    .port_info 3 /OUTPUT 5 "out";
P_0x5596cd2b9fd0 .param/l "WIDTH" 0 16 1, +C4<00000000000000000000000000000101>;
L_0x7fcd194767b0 .functor BUFT 1, C4<1>, C4<0>, C4<0>, C4<0>;
v0x5596cd2ba110_0 .net "IF_ID_write", 0 0, L_0x7fcd194767b0;  1 drivers
v0x5596cd2ba1f0_0 .net "clk", 0 0, v0x5596cd2c9910_0;  alias, 1 drivers
v0x5596cd2ba2b0_0 .net "in", 4 0, L_0x5596cd2dbb90;  1 drivers
v0x5596cd2ba380_0 .var "out", 4 0;
S_0x5596cd2ba500 .scope module, "reg_ix_rt" "Register" 3 153, 16 1 0, S_0x5596cd265100;
 .timescale 0 0;
    .port_info 0 /INPUT 1 "IF_ID_write";
    .port_info 1 /INPUT 1 "clk";
    .port_info 2 /INPUT 5 "in";
    .port_info 3 /OUTPUT 5 "out";
P_0x5596cd2ba6e0 .param/l "WIDTH" 0 16 1, +C4<00000000000000000000000000000101>;
L_0x7fcd194767f8 .functor BUFT 1, C4<1>, C4<0>, C4<0>, C4<0>;
v0x5596cd2ba820_0 .net "IF_ID_write", 0 0, L_0x7fcd194767f8;  1 drivers
v0x5596cd2ba900_0 .net "clk", 0 0, v0x5596cd2c9910_0;  alias, 1 drivers
v0x5596cd2ba9c0_0 .net "in", 4 0, L_0x5596cd2dbc90;  1 drivers
v0x5596cd2baa90_0 .var "out", 4 0;
S_0x5596cd2bac00 .scope module, "reg_mw_alu" "Register" 3 197, 16 1 0, S_0x5596cd265100;
 .timescale 0 0;
    .port_info 0 /INPUT 1 "IF_ID_write";
    .port_info 1 /INPUT 1 "clk";
    .port_info 2 /INPUT 32 "in";
    .port_info 3 /OUTPUT 32 "out";
P_0x5596cd2bade0 .param/l "WIDTH" 0 16 1, +C4<00000000000000000000000000100000>;
L_0x7fcd19476cc0 .functor BUFT 1, C4<1>, C4<0>, C4<0>, C4<0>;
v0x5596cd2baf20_0 .net "IF_ID_write", 0 0, L_0x7fcd19476cc0;  1 drivers
v0x5596cd2bb000_0 .net "clk", 0 0, v0x5596cd2c9910_0;  alias, 1 drivers
v0x5596cd2bb0c0_0 .net "in", 31 0, v0x5596cd2bd4c0_0;  alias, 1 drivers
v0x5596cd2bb190_0 .var "out", 31 0;
S_0x5596cd2bb2f0 .scope module, "reg_mw_memToReg" "Register" 3 194, 16 1 0, S_0x5596cd265100;
 .timescale 0 0;
    .port_info 0 /INPUT 1 "IF_ID_write";
    .port_info 1 /INPUT 1 "clk";
    .port_info 2 /INPUT 1 "in";
    .port_info 3 /OUTPUT 1 "out";
P_0x5596cd2bb4d0 .param/l "WIDTH" 0 16 1, +C4<00000000000000000000000000000001>;
L_0x7fcd19476be8 .functor BUFT 1, C4<1>, C4<0>, C4<0>, C4<0>;
v0x5596cd2bb610_0 .net "IF_ID_write", 0 0, L_0x7fcd19476be8;  1 drivers
v0x5596cd2bb6f0_0 .net "clk", 0 0, v0x5596cd2c9910_0;  alias, 1 drivers
v0x5596cd2bb7b0_0 .net "in", 0 0, v0x5596cd2bf770_0;  alias, 1 drivers
v0x5596cd2bb880_0 .var "out", 0 0;
S_0x5596cd2bba00 .scope module, "reg_mw_readData" "Register" 3 196, 16 1 0, S_0x5596cd265100;
 .timescale 0 0;
    .port_info 0 /INPUT 1 "IF_ID_write";
    .port_info 1 /INPUT 1 "clk";
    .port_info 2 /INPUT 32 "in";
    .port_info 3 /OUTPUT 32 "out";
P_0x5596cd2bbbe0 .param/l "WIDTH" 0 16 1, +C4<00000000000000000000000000100000>;
L_0x7fcd19476c78 .functor BUFT 1, C4<1>, C4<0>, C4<0>, C4<0>;
v0x5596cd2bbd20_0 .net "IF_ID_write", 0 0, L_0x7fcd19476c78;  1 drivers
v0x5596cd2bbe00_0 .net "clk", 0 0, v0x5596cd2c9910_0;  alias, 1 drivers
v0x5596cd2bbec0_0 .net "in", 31 0, L_0x5596cd2dc700;  alias, 1 drivers
v0x5596cd2bbfc0_0 .var "out", 31 0;
S_0x5596cd2bc100 .scope module, "reg_mw_regWrite" "Register" 3 195, 16 1 0, S_0x5596cd265100;
 .timescale 0 0;
    .port_info 0 /INPUT 1 "IF_ID_write";
    .port_info 1 /INPUT 1 "clk";
    .port_info 2 /INPUT 1 "in";
    .port_info 3 /OUTPUT 1 "out";
P_0x5596cd2bc2e0 .param/l "WIDTH" 0 16 1, +C4<00000000000000000000000000000001>;
L_0x7fcd19476c30 .functor BUFT 1, C4<1>, C4<0>, C4<0>, C4<0>;
v0x5596cd2bc420_0 .net "IF_ID_write", 0 0, L_0x7fcd19476c30;  1 drivers
v0x5596cd2bc500_0 .net "clk", 0 0, v0x5596cd2c9910_0;  alias, 1 drivers
v0x5596cd2bc5c0_0 .net "in", 0 0, v0x5596cd2c1090_0;  alias, 1 drivers
v0x5596cd2bc6c0_0 .var "out", 0 0;
S_0x5596cd2bc800 .scope module, "reg_mw_writeReg" "Register" 3 198, 16 1 0, S_0x5596cd265100;
 .timescale 0 0;
    .port_info 0 /INPUT 1 "IF_ID_write";
    .port_info 1 /INPUT 1 "clk";
    .port_info 2 /INPUT 5 "in";
    .port_info 3 /OUTPUT 5 "out";
P_0x5596cd2bc9e0 .param/l "WIDTH" 0 16 1, +C4<00000000000000000000000000000101>;
L_0x7fcd19476d08 .functor BUFT 1, C4<1>, C4<0>, C4<0>, C4<0>;
v0x5596cd2bcb20_0 .net "IF_ID_write", 0 0, L_0x7fcd19476d08;  1 drivers
v0x5596cd2bcc00_0 .net "clk", 0 0, v0x5596cd2c9910_0;  alias, 1 drivers
v0x5596cd2bccc0_0 .net "in", 4 0, v0x5596cd2c17a0_0;  alias, 1 drivers
v0x5596cd2bcdc0_0 .var "out", 4 0;
S_0x5596cd2bcf00 .scope module, "reg_xm_alu" "Register" 3 183, 16 1 0, S_0x5596cd265100;
 .timescale 0 0;
    .port_info 0 /INPUT 1 "IF_ID_write";
    .port_info 1 /INPUT 1 "clk";
    .port_info 2 /INPUT 32 "in";
    .port_info 3 /OUTPUT 32 "out";
P_0x5596cd2bd0e0 .param/l "WIDTH" 0 16 1, +C4<00000000000000000000000000100000>;
L_0x7fcd19476b10 .functor BUFT 1, C4<1>, C4<0>, C4<0>, C4<0>;
v0x5596cd2bd220_0 .net "IF_ID_write", 0 0, L_0x7fcd19476b10;  1 drivers
v0x5596cd2bd300_0 .net "clk", 0 0, v0x5596cd2c9910_0;  alias, 1 drivers
v0x5596cd2bd3c0_0 .net "in", 31 0, v0x5596cd2a7530_0;  alias, 1 drivers
v0x5596cd2bd4c0_0 .var "out", 31 0;
S_0x5596cd2bd5f0 .scope module, "reg_xm_branch" "Register" 3 175, 16 1 0, S_0x5596cd265100;
 .timescale 0 0;
    .port_info 0 /INPUT 1 "IF_ID_write";
    .port_info 1 /INPUT 1 "clk";
    .port_info 2 /INPUT 1 "in";
    .port_info 3 /OUTPUT 1 "out";
P_0x5596cd2bd780 .param/l "WIDTH" 0 16 1, +C4<00000000000000000000000000000001>;
L_0x7fcd19476918 .functor BUFT 1, C4<1>, C4<0>, C4<0>, C4<0>;
v0x5596cd2bd8c0_0 .net "IF_ID_write", 0 0, L_0x7fcd19476918;  1 drivers
v0x5596cd2bd9a0_0 .net "clk", 0 0, v0x5596cd2c9910_0;  alias, 1 drivers
v0x5596cd2bda60_0 .net "in", 0 0, v0x5596cd2b4b00_0;  alias, 1 drivers
v0x5596cd2bdb60_0 .var "out", 0 0;
S_0x5596cd2bdca0 .scope module, "reg_xm_branchAddr" "Register" 3 181, 16 1 0, S_0x5596cd265100;
 .timescale 0 0;
    .port_info 0 /INPUT 1 "IF_ID_write";
    .port_info 1 /INPUT 1 "clk";
    .port_info 2 /INPUT 32 "in";
    .port_info 3 /OUTPUT 32 "out";
P_0x5596cd2bde80 .param/l "WIDTH" 0 16 1, +C4<00000000000000000000000000100000>;
L_0x7fcd19476a80 .functor BUFT 1, C4<1>, C4<0>, C4<0>, C4<0>;
v0x5596cd2bdfc0_0 .net "IF_ID_write", 0 0, L_0x7fcd19476a80;  1 drivers
v0x5596cd2be0a0_0 .net "clk", 0 0, v0x5596cd2c9910_0;  alias, 1 drivers
v0x5596cd2be160_0 .net "in", 31 0, L_0x5596cd2dbee0;  alias, 1 drivers
v0x5596cd2be260_0 .var "out", 31 0;
S_0x5596cd2be3a0 .scope module, "reg_xm_jump" "Register" 3 174, 16 1 0, S_0x5596cd265100;
 .timescale 0 0;
    .port_info 0 /INPUT 1 "IF_ID_write";
    .port_info 1 /INPUT 1 "clk";
    .port_info 2 /INPUT 1 "in";
    .port_info 3 /OUTPUT 1 "out";
P_0x5596cd2be580 .param/l "WIDTH" 0 16 1, +C4<00000000000000000000000000000001>;
L_0x7fcd194768d0 .functor BUFT 1, C4<1>, C4<0>, C4<0>, C4<0>;
v0x5596cd2be6c0_0 .net "IF_ID_write", 0 0, L_0x7fcd194768d0;  1 drivers
v0x5596cd2be7a0_0 .net "clk", 0 0, v0x5596cd2c9910_0;  alias, 1 drivers
v0x5596cd2be860_0 .net "in", 0 0, v0x5596cd2b5b30_0;  alias, 1 drivers
v0x5596cd2be960_0 .var "out", 0 0;
S_0x5596cd2beaa0 .scope module, "reg_xm_memRead" "Register" 3 176, 16 1 0, S_0x5596cd265100;
 .timescale 0 0;
    .port_info 0 /INPUT 1 "IF_ID_write";
    .port_info 1 /INPUT 1 "clk";
    .port_info 2 /INPUT 1 "in";
    .port_info 3 /OUTPUT 1 "out";
P_0x5596cd2bec80 .param/l "WIDTH" 0 16 1, +C4<00000000000000000000000000000001>;
L_0x7fcd19476960 .functor BUFT 1, C4<1>, C4<0>, C4<0>, C4<0>;
v0x5596cd2bedc0_0 .net "IF_ID_write", 0 0, L_0x7fcd19476960;  1 drivers
v0x5596cd2beea0_0 .net "clk", 0 0, v0x5596cd2c9910_0;  alias, 1 drivers
v0x5596cd2bef60_0 .net "in", 0 0, v0x5596cd2b6240_0;  alias, 1 drivers
v0x5596cd2bf080_0 .var "out", 0 0;
S_0x5596cd2bf1b0 .scope module, "reg_xm_memToReg" "Register" 3 177, 16 1 0, S_0x5596cd265100;
 .timescale 0 0;
    .port_info 0 /INPUT 1 "IF_ID_write";
    .port_info 1 /INPUT 1 "clk";
    .port_info 2 /INPUT 1 "in";
    .port_info 3 /OUTPUT 1 "out";
P_0x5596cd2bf390 .param/l "WIDTH" 0 16 1, +C4<00000000000000000000000000000001>;
L_0x7fcd194769a8 .functor BUFT 1, C4<1>, C4<0>, C4<0>, C4<0>;
v0x5596cd2bf4d0_0 .net "IF_ID_write", 0 0, L_0x7fcd194769a8;  1 drivers
v0x5596cd2bf5b0_0 .net "clk", 0 0, v0x5596cd2c9910_0;  alias, 1 drivers
v0x5596cd2bf670_0 .net "in", 0 0, v0x5596cd2b6940_0;  alias, 1 drivers
v0x5596cd2bf770_0 .var "out", 0 0;
S_0x5596cd2bf8b0 .scope module, "reg_xm_memWrite" "Register" 3 178, 16 1 0, S_0x5596cd265100;
 .timescale 0 0;
    .port_info 0 /INPUT 1 "IF_ID_write";
    .port_info 1 /INPUT 1 "clk";
    .port_info 2 /INPUT 1 "in";
    .port_info 3 /OUTPUT 1 "out";
P_0x5596cd2bfa90 .param/l "WIDTH" 0 16 1, +C4<00000000000000000000000000000001>;
L_0x7fcd194769f0 .functor BUFT 1, C4<1>, C4<0>, C4<0>, C4<0>;
v0x5596cd2bfbd0_0 .net "IF_ID_write", 0 0, L_0x7fcd194769f0;  1 drivers
v0x5596cd2bfcb0_0 .net "clk", 0 0, v0x5596cd2c9910_0;  alias, 1 drivers
v0x5596cd2bfd70_0 .net "in", 0 0, v0x5596cd2b7050_0;  alias, 1 drivers
v0x5596cd2bfe70_0 .var "out", 0 0;
S_0x5596cd2bffb0 .scope module, "reg_xm_readData2" "Register" 3 184, 16 1 0, S_0x5596cd265100;
 .timescale 0 0;
    .port_info 0 /INPUT 1 "IF_ID_write";
    .port_info 1 /INPUT 1 "clk";
    .port_info 2 /INPUT 32 "in";
    .port_info 3 /OUTPUT 32 "out";
P_0x5596cd2c0190 .param/l "WIDTH" 0 16 1, +C4<00000000000000000000000000100000>;
L_0x7fcd19476b58 .functor BUFT 1, C4<1>, C4<0>, C4<0>, C4<0>;
v0x5596cd2c02d0_0 .net "IF_ID_write", 0 0, L_0x7fcd19476b58;  1 drivers
v0x5596cd2c03b0_0 .net "clk", 0 0, v0x5596cd2c9910_0;  alias, 1 drivers
v0x5596cd2c0880_0 .net "in", 31 0, v0x5596cd2b8c50_0;  alias, 1 drivers
v0x5596cd2c09a0_0 .var "out", 31 0;
S_0x5596cd2c0ad0 .scope module, "reg_xm_regWrite" "Register" 3 179, 16 1 0, S_0x5596cd265100;
 .timescale 0 0;
    .port_info 0 /INPUT 1 "IF_ID_write";
    .port_info 1 /INPUT 1 "clk";
    .port_info 2 /INPUT 1 "in";
    .port_info 3 /OUTPUT 1 "out";
P_0x5596cd2c0cb0 .param/l "WIDTH" 0 16 1, +C4<00000000000000000000000000000001>;
L_0x7fcd19476a38 .functor BUFT 1, C4<1>, C4<0>, C4<0>, C4<0>;
v0x5596cd2c0df0_0 .net "IF_ID_write", 0 0, L_0x7fcd19476a38;  1 drivers
v0x5596cd2c0ed0_0 .net "clk", 0 0, v0x5596cd2c9910_0;  alias, 1 drivers
v0x5596cd2c0f90_0 .net "in", 0 0, v0x5596cd2b9ca0_0;  alias, 1 drivers
v0x5596cd2c1090_0 .var "out", 0 0;
S_0x5596cd2c11e0 .scope module, "reg_xm_writeReg" "Register" 3 185, 16 1 0, S_0x5596cd265100;
 .timescale 0 0;
    .port_info 0 /INPUT 1 "IF_ID_write";
    .port_info 1 /INPUT 1 "clk";
    .port_info 2 /INPUT 5 "in";
    .port_info 3 /OUTPUT 5 "out";
P_0x5596cd2c13c0 .param/l "WIDTH" 0 16 1, +C4<00000000000000000000000000000101>;
L_0x7fcd19476ba0 .functor BUFT 1, C4<1>, C4<0>, C4<0>, C4<0>;
v0x5596cd2c1500_0 .net "IF_ID_write", 0 0, L_0x7fcd19476ba0;  1 drivers
v0x5596cd2c15e0_0 .net "clk", 0 0, v0x5596cd2c9910_0;  alias, 1 drivers
v0x5596cd2c16a0_0 .net "in", 4 0, L_0x5596cd2dbe40;  alias, 1 drivers
v0x5596cd2c17a0_0 .var "out", 4 0;
S_0x5596cd2c18f0 .scope module, "reg_xm_zero" "Register" 3 182, 16 1 0, S_0x5596cd265100;
 .timescale 0 0;
    .port_info 0 /INPUT 1 "IF_ID_write";
    .port_info 1 /INPUT 1 "clk";
    .port_info 2 /INPUT 1 "in";
    .port_info 3 /OUTPUT 1 "out";
P_0x5596cd2c1ad0 .param/l "WIDTH" 0 16 1, +C4<00000000000000000000000000000001>;
L_0x7fcd19476ac8 .functor BUFT 1, C4<1>, C4<0>, C4<0>, C4<0>;
v0x5596cd2c1c10_0 .net "IF_ID_write", 0 0, L_0x7fcd19476ac8;  1 drivers
v0x5596cd2c1cf0_0 .net "clk", 0 0, v0x5596cd2c9910_0;  alias, 1 drivers
v0x5596cd2c1db0_0 .net "in", 0 0, L_0x5596cd2dc270;  alias, 1 drivers
v0x5596cd2c1eb0_0 .var "out", 0 0;
S_0x5596cd2c1ff0 .scope module, "regfile" "RegisterFile" 3 131, 17 1 0, S_0x5596cd265100;
 .timescale 0 0;
    .port_info 0 /INPUT 1 "clk";
    .port_info 1 /INPUT 5 "rs_address";
    .port_info 2 /INPUT 5 "rt_address";
    .port_info 3 /INPUT 5 "rd_address";
    .port_info 4 /INPUT 32 "rd_value";
    .port_info 5 /INPUT 1 "reg_write";
    .port_info 6 /OUTPUT 32 "rs_value";
    .port_info 7 /OUTPUT 32 "rt_value";
L_0x5596cd2db1c0 .functor BUFZ 32, L_0x5596cd2dafe0, C4<00000000000000000000000000000000>, C4<00000000000000000000000000000000>, C4<00000000000000000000000000000000>;
L_0x5596cd2db460 .functor BUFZ 32, L_0x5596cd2db280, C4<00000000000000000000000000000000>, C4<00000000000000000000000000000000>, C4<00000000000000000000000000000000>;
v0x5596cd2c22a0_0 .net *"_ivl_0", 31 0, L_0x5596cd2dafe0;  1 drivers
v0x5596cd2c23a0_0 .net *"_ivl_10", 6 0, L_0x5596cd2db320;  1 drivers
L_0x7fcd194763c0 .functor BUFT 1, C4<00>, C4<0>, C4<0>, C4<0>;
v0x5596cd2c2480_0 .net *"_ivl_13", 1 0, L_0x7fcd194763c0;  1 drivers
v0x5596cd2c2540_0 .net *"_ivl_2", 6 0, L_0x5596cd2db080;  1 drivers
L_0x7fcd19476378 .functor BUFT 1, C4<00>, C4<0>, C4<0>, C4<0>;
v0x5596cd2c2620_0 .net *"_ivl_5", 1 0, L_0x7fcd19476378;  1 drivers
v0x5596cd2c2750_0 .net *"_ivl_8", 31 0, L_0x5596cd2db280;  1 drivers
v0x5596cd2c2830_0 .net "clk", 0 0, v0x5596cd2c9910_0;  alias, 1 drivers
v0x5596cd2c28d0 .array "mem", 31 0, 31 0;
v0x5596cd2c2990_0 .net "rd_address", 4 0, v0x5596cd2bcdc0_0;  alias, 1 drivers
v0x5596cd2c2a50_0 .net "rd_value", 31 0, L_0x5596cd2dc8f0;  alias, 1 drivers
v0x5596cd2c2b10_0 .net "reg_write", 0 0, v0x5596cd2bc6c0_0;  alias, 1 drivers
v0x5596cd2c2c00_0 .net "rs_address", 4 0, L_0x5596cd2db520;  1 drivers
v0x5596cd2c2ce0_0 .net "rs_value", 31 0, L_0x5596cd2db1c0;  alias, 1 drivers
v0x5596cd2c2da0_0 .net "rt_address", 4 0, L_0x5596cd2db610;  1 drivers
v0x5596cd2c2e60_0 .net "rt_value", 31 0, L_0x5596cd2db460;  alias, 1 drivers
E_0x5596cd2c2220 .event negedge, v0x5596cd2a99f0_0;
L_0x5596cd2dafe0 .array/port v0x5596cd2c28d0, L_0x5596cd2db080;
L_0x5596cd2db080 .concat [ 5 2 0 0], L_0x5596cd2db520, L_0x7fcd19476378;
L_0x5596cd2db280 .array/port v0x5596cd2c28d0, L_0x5596cd2db320;
L_0x5596cd2db320 .concat [ 5 2 0 0], L_0x5596cd2db610, L_0x7fcd194763c0;
S_0x5596cd2c3050 .scope module, "shift_branch" "Sll2" 3 159, 18 1 0, S_0x5596cd265100;
 .timescale 0 0;
    .port_info 0 /INPUT 32 "in";
    .port_info 1 /OUTPUT 32 "out";
P_0x5596cd2abd80 .param/l "WIDTH_IN" 0 18 3, +C4<00000000000000000000000000100000>;
P_0x5596cd2abdc0 .param/l "WIDTH_OUT" 0 18 4, +C4<00000000000000000000000000100000>;
v0x5596cd2c33a0_0 .net *"_ivl_2", 29 0, L_0x5596cd2dbff0;  1 drivers
L_0x7fcd19476888 .functor BUFT 1, C4<00>, C4<0>, C4<0>, C4<0>;
v0x5596cd2c34a0_0 .net *"_ivl_4", 1 0, L_0x7fcd19476888;  1 drivers
v0x5596cd2c3580_0 .net "in", 31 0, v0x5596cd2b53f0_0;  alias, 1 drivers
v0x5596cd2c36a0_0 .net "out", 31 0, L_0x5596cd2dc090;  alias, 1 drivers
L_0x5596cd2dbff0 .part v0x5596cd2b53f0_0, 0, 30;
L_0x5596cd2dc090 .concat [ 2 30 0 0], L_0x7fcd19476888, L_0x5596cd2dbff0;
S_0x5596cd2c37a0 .scope module, "shift_jump" "Sll2" 3 107, 18 1 0, S_0x5596cd265100;
 .timescale 0 0;
    .port_info 0 /INPUT 26 "in";
    .port_info 1 /OUTPUT 28 "out";
P_0x5596cd2c3230 .param/l "WIDTH_IN" 0 18 3, +C4<00000000000000000000000000011010>;
P_0x5596cd2c3270 .param/l "WIDTH_OUT" 0 18 4, +C4<00000000000000000000000000011100>;
v0x5596cd2c3b50_0 .net *"_ivl_0", 27 0, L_0x5596cd2d9f80;  1 drivers
L_0x7fcd19476060 .functor BUFT 1, C4<00>, C4<0>, C4<0>, C4<0>;
v0x5596cd2c3c50_0 .net *"_ivl_3", 1 0, L_0x7fcd19476060;  1 drivers
v0x5596cd2c3d30_0 .net *"_ivl_6", 25 0, L_0x5596cd2da070;  1 drivers
L_0x7fcd194760a8 .functor BUFT 1, C4<00>, C4<0>, C4<0>, C4<0>;
v0x5596cd2c3e20_0 .net *"_ivl_8", 1 0, L_0x7fcd194760a8;  1 drivers
v0x5596cd2c3f00_0 .net "in", 25 0, L_0x5596cd2da2f0;  1 drivers
v0x5596cd2c4030_0 .net "out", 27 0, L_0x5596cd2da160;  alias, 1 drivers
L_0x5596cd2d9f80 .concat [ 26 2 0 0], L_0x5596cd2da2f0, L_0x7fcd19476060;
L_0x5596cd2da070 .part L_0x5596cd2d9f80, 0, 26;
L_0x5596cd2da160 .concat [ 2 26 0 0], L_0x7fcd194760a8, L_0x5596cd2da070;
S_0x5596cd2c4170 .scope module, "signextend" "SignExtend" 3 132, 19 1 0, S_0x5596cd265100;
 .timescale 0 0;
    .port_info 0 /INPUT 16 "in";
    .port_info 1 /OUTPUT 32 "out";
v0x5596cd2c47a0_0 .net *"_ivl_1", 0 0, L_0x5596cd2db750;  1 drivers
v0x5596cd2c48a0_0 .net *"_ivl_2", 15 0, L_0x5596cd2db7f0;  1 drivers
v0x5596cd2c4980_0 .net "in", 15 0, L_0x5596cd2dbaf0;  1 drivers
v0x5596cd2c4a40_0 .net "out", 31 0, L_0x5596cd2dba00;  alias, 1 drivers
L_0x5596cd2db750 .part L_0x5596cd2dbaf0, 15, 1;
LS_0x5596cd2db7f0_0_0 .concat [ 1 1 1 1], L_0x5596cd2db750, L_0x5596cd2db750, L_0x5596cd2db750, L_0x5596cd2db750;
LS_0x5596cd2db7f0_0_4 .concat [ 1 1 1 1], L_0x5596cd2db750, L_0x5596cd2db750, L_0x5596cd2db750, L_0x5596cd2db750;
LS_0x5596cd2db7f0_0_8 .concat [ 1 1 1 1], L_0x5596cd2db750, L_0x5596cd2db750, L_0x5596cd2db750, L_0x5596cd2db750;
LS_0x5596cd2db7f0_0_12 .concat [ 1 1 1 1], L_0x5596cd2db750, L_0x5596cd2db750, L_0x5596cd2db750, L_0x5596cd2db750;
L_0x5596cd2db7f0 .concat [ 4 4 4 4], LS_0x5596cd2db7f0_0_0, LS_0x5596cd2db7f0_0_4, LS_0x5596cd2db7f0_0_8, LS_0x5596cd2db7f0_0_12;
L_0x5596cd2dba00 .concat [ 16 16 0 0], L_0x5596cd2dbaf0, L_0x5596cd2db7f0;
    .scope S_0x5596cd2b1cb0;
T_0 ;
    %pushi/vec4 0, 0, 32;
    %store/vec4 v0x5596cd2b2290_0, 0, 32;
    %end;
    .thread T_0;
    .scope S_0x5596cd2b1cb0;
T_1 ;
    %wait E_0x5596cd29b5d0;
    %load/vec4 v0x5596cd2b1f00_0;
    %cmpi/e 1, 0, 1;
    %jmp/0xz  T_1.0, 4;
    %load/vec4 v0x5596cd2b20c0_0;
    %assign/vec4 v0x5596cd2b2290_0, 0;
T_1.0 ;
    %jmp T_1;
    .thread T_1;
    .scope S_0x5596cd2ade30;
T_2 ;
    %pushi/vec4 537395210, 0, 32;
    %ix/load 3, 0, 0;
    %flag_set/imm 4, 0;
    %ix/load 4, 0, 0; Constant delay
    %assign/vec4/a/d v0x5596cd2ae3b0, 0, 4;
    %pushi/vec4 537460744, 0, 32;
    %ix/load 3, 1, 0;
    %flag_set/imm 4, 0;
    %ix/load 4, 0, 0; Constant delay
    %assign/vec4/a/d v0x5596cd2ae3b0, 0, 4;
    %pushi/vec4 17387557, 0, 32;
    %ix/load 3, 2, 0;
    %flag_set/imm 4, 0;
    %ix/load 4, 0, 0; Constant delay
    %assign/vec4/a/d v0x5596cd2ae3b0, 0, 4;
    %pushi/vec4 537460737, 0, 32;
    %ix/load 3, 3, 0;
    %flag_set/imm 4, 0;
    %ix/load 4, 0, 0; Constant delay
    %assign/vec4/a/d v0x5596cd2ae3b0, 0, 4;
    %pushi/vec4 17317920, 0, 32;
    %ix/load 3, 4, 0;
    %flag_set/imm 4, 0;
    %ix/load 4, 0, 0; Constant delay
    %assign/vec4/a/d v0x5596cd2ae3b0, 0, 4;
    %pushi/vec4 17455141, 0, 32;
    %ix/load 3, 5, 0;
    %flag_set/imm 4, 0;
    %ix/load 4, 0, 0; Constant delay
    %assign/vec4/a/d v0x5596cd2ae3b0, 0, 4;
    %pushi/vec4 6, 0, 32;
    %store/vec4 v0x5596cd2ae2d0_0, 0, 32;
T_2.0 ;
    %load/vec4 v0x5596cd2ae2d0_0;
    %cmpi/s 256, 0, 32;
    %jmp/0xz T_2.1, 5;
    %pushi/vec4 0, 0, 32;
    %ix/getv/s 4, v0x5596cd2ae2d0_0;
    %store/vec4a v0x5596cd2ae3b0, 4, 0;
    ; show_stmt_assign_vector: Get l-value for compressed += operand
    %load/vec4 v0x5596cd2ae2d0_0;
    %pushi/vec4 1, 0, 32;
    %add;
    %store/vec4 v0x5596cd2ae2d0_0, 0, 32;
    %jmp T_2.0;
T_2.1 ;
    %end;
    .thread T_2;
    .scope S_0x5596cd2b2940;
T_3 ;
    %wait E_0x5596cd29b5d0;
    %load/vec4 v0x5596cd2b2c90_0;
    %cmpi/e 1, 0, 1;
    %jmp/0xz  T_3.0, 4;
    %load/vec4 v0x5596cd2b2e50_0;
    %assign/vec4 v0x5596cd2b2f40_0, 0;
T_3.0 ;
    %jmp T_3;
    .thread T_3;
    .scope S_0x5596cd2b2940;
T_4 ;
    %pushi/vec4 0, 0, 32;
    %assign/vec4 v0x5596cd2b2f40_0, 0;
    %end;
    .thread T_4;
    .scope S_0x5596cd2b3080;
T_5 ;
    %wait E_0x5596cd29b5d0;
    %load/vec4 v0x5596cd2b33a0_0;
    %cmpi/e 1, 0, 1;
    %jmp/0xz  T_5.0, 4;
    %load/vec4 v0x5596cd2b3570_0;
    %assign/vec4 v0x5596cd2b3640_0, 0;
T_5.0 ;
    %jmp T_5;
    .thread T_5;
    .scope S_0x5596cd2b3080;
T_6 ;
    %pushi/vec4 0, 0, 32;
    %assign/vec4 v0x5596cd2b3640_0, 0;
    %end;
    .thread T_6;
    .scope S_0x5596cd277230;
T_7 ;
    %pushi/vec4 1, 0, 1;
    %store/vec4 v0x5596cd2a6f90_0, 0, 1;
    %pushi/vec4 1, 0, 1;
    %store/vec4 v0x5596cd2a6ed0_0, 0, 1;
    %pushi/vec4 0, 0, 1;
    %store/vec4 v0x5596cd2a6ac0_0, 0, 1;
    %pushi/vec4 0, 0, 1;
    %store/vec4 v0x5596cd2a69e0_0, 0, 1;
    %end;
    .thread T_7;
    .scope S_0x5596cd277230;
T_8 ;
    %wait E_0x5596cd232d40;
    %load/vec4 v0x5596cd2a6b80_0;
    %pad/u 32;
    %pushi/vec4 1, 0, 32;
    %cmp/e;
    %flag_get/vec4 4;
    %load/vec4 v0x5596cd2a6c20_0;
    %load/vec4 v0x5596cd2a6ce0_0;
    %cmp/e;
    %flag_get/vec4 4;
    %load/vec4 v0x5596cd2a6c20_0;
    %load/vec4 v0x5596cd2a6df0_0;
    %cmp/e;
    %flag_get/vec4 4;
    %or;
    %and;
    %flag_set/vec4 8;
    %jmp/0xz  T_8.0, 8;
    %pushi/vec4 0, 0, 1;
    %assign/vec4 v0x5596cd2a6f90_0, 0;
    %pushi/vec4 0, 0, 1;
    %assign/vec4 v0x5596cd2a6ed0_0, 0;
    %pushi/vec4 1, 0, 1;
    %assign/vec4 v0x5596cd2a6ac0_0, 0;
    %pushi/vec4 1, 0, 1;
    %assign/vec4 v0x5596cd2a69e0_0, 0;
    %jmp T_8.1;
T_8.0 ;
    %pushi/vec4 1, 0, 1;
    %assign/vec4 v0x5596cd2a6f90_0, 0;
    %pushi/vec4 1, 0, 1;
    %assign/vec4 v0x5596cd2a6ed0_0, 0;
    %pushi/vec4 0, 0, 1;
    %assign/vec4 v0x5596cd2a6ac0_0, 0;
    %pushi/vec4 0, 0, 1;
    %assign/vec4 v0x5596cd2a69e0_0, 0;
T_8.1 ;
    %jmp T_8;
    .thread T_8, $push;
    .scope S_0x5596cd2a8920;
T_9 ;
    %wait E_0x5596cd1c8210;
    %load/vec4 v0x5596cd2a9200_0;
    %dup/vec4;
    %pushi/vec4 0, 0, 6;
    %cmp/u;
    %jmp/1 T_9.0, 6;
    %dup/vec4;
    %pushi/vec4 35, 0, 6;
    %cmp/u;
    %jmp/1 T_9.1, 6;
    %dup/vec4;
    %pushi/vec4 43, 0, 6;
    %cmp/u;
    %jmp/1 T_9.2, 6;
    %dup/vec4;
    %pushi/vec4 4, 0, 6;
    %cmp/u;
    %jmp/1 T_9.3, 6;
    %dup/vec4;
    %pushi/vec4 8, 0, 6;
    %cmp/u;
    %jmp/1 T_9.4, 6;
    %dup/vec4;
    %pushi/vec4 2, 0, 6;
    %cmp/u;
    %jmp/1 T_9.5, 6;
    %pushi/vec4 0, 0, 1;
    %assign/vec4 v0x5596cd2a92e0_0, 0;
    %pushi/vec4 0, 0, 1;
    %assign/vec4 v0x5596cd2a8d20_0, 0;
    %pushi/vec4 0, 0, 1;
    %assign/vec4 v0x5596cd2a9080_0, 0;
    %pushi/vec4 0, 0, 1;
    %assign/vec4 v0x5596cd2a93a0_0, 0;
    %pushi/vec4 0, 0, 1;
    %assign/vec4 v0x5596cd2a8f70_0, 0;
    %pushi/vec4 0, 0, 1;
    %assign/vec4 v0x5596cd2a9140_0, 0;
    %pushi/vec4 0, 0, 1;
    %assign/vec4 v0x5596cd2a8de0_0, 0;
    %pushi/vec4 0, 0, 1;
    %assign/vec4 v0x5596cd2a8eb0_0, 0;
    %pushi/vec4 0, 0, 2;
    %assign/vec4 v0x5596cd2a8c20_0, 0;
    %jmp T_9.7;
T_9.0 ;
    %pushi/vec4 1, 0, 1;
    %assign/vec4 v0x5596cd2a92e0_0, 0;
    %pushi/vec4 0, 0, 1;
    %assign/vec4 v0x5596cd2a8d20_0, 0;
    %pushi/vec4 0, 0, 1;
    %assign/vec4 v0x5596cd2a9080_0, 0;
    %pushi/vec4 1, 0, 1;
    %assign/vec4 v0x5596cd2a93a0_0, 0;
    %pushi/vec4 0, 0, 1;
    %assign/vec4 v0x5596cd2a8f70_0, 0;
    %pushi/vec4 0, 0, 1;
    %assign/vec4 v0x5596cd2a9140_0, 0;
    %pushi/vec4 0, 0, 1;
    %assign/vec4 v0x5596cd2a8de0_0, 0;
    %pushi/vec4 0, 0, 1;
    %assign/vec4 v0x5596cd2a8eb0_0, 0;
    %pushi/vec4 2, 0, 2;
    %assign/vec4 v0x5596cd2a8c20_0, 0;
    %jmp T_9.7;
T_9.1 ;
    %pushi/vec4 0, 0, 1;
    %assign/vec4 v0x5596cd2a92e0_0, 0;
    %pushi/vec4 1, 0, 1;
    %assign/vec4 v0x5596cd2a8d20_0, 0;
    %pushi/vec4 1, 0, 1;
    %assign/vec4 v0x5596cd2a9080_0, 0;
    %pushi/vec4 1, 0, 1;
    %assign/vec4 v0x5596cd2a93a0_0, 0;
    %pushi/vec4 1, 0, 1;
    %assign/vec4 v0x5596cd2a8f70_0, 0;
    %pushi/vec4 0, 0, 1;
    %assign/vec4 v0x5596cd2a9140_0, 0;
    %pushi/vec4 0, 0, 1;
    %assign/vec4 v0x5596cd2a8de0_0, 0;
    %pushi/vec4 0, 0, 1;
    %assign/vec4 v0x5596cd2a8eb0_0, 0;
    %pushi/vec4 0, 0, 2;
    %assign/vec4 v0x5596cd2a8c20_0, 0;
    %jmp T_9.7;
T_9.2 ;
    %pushi/vec4 1, 1, 1;
    %assign/vec4 v0x5596cd2a92e0_0, 0;
    %pushi/vec4 1, 0, 1;
    %assign/vec4 v0x5596cd2a8d20_0, 0;
    %pushi/vec4 1, 1, 1;
    %assign/vec4 v0x5596cd2a9080_0, 0;
    %pushi/vec4 0, 0, 1;
    %assign/vec4 v0x5596cd2a93a0_0, 0;
    %pushi/vec4 0, 0, 1;
    %assign/vec4 v0x5596cd2a8f70_0, 0;
    %pushi/vec4 1, 0, 1;
    %assign/vec4 v0x5596cd2a9140_0, 0;
    %pushi/vec4 0, 0, 1;
    %assign/vec4 v0x5596cd2a8de0_0, 0;
    %pushi/vec4 0, 0, 1;
    %assign/vec4 v0x5596cd2a8eb0_0, 0;
    %pushi/vec4 0, 0, 2;
    %assign/vec4 v0x5596cd2a8c20_0, 0;
    %jmp T_9.7;
T_9.3 ;
    %pushi/vec4 1, 1, 1;
    %assign/vec4 v0x5596cd2a92e0_0, 0;
    %pushi/vec4 0, 0, 1;
    %assign/vec4 v0x5596cd2a8d20_0, 0;
    %pushi/vec4 1, 1, 1;
    %assign/vec4 v0x5596cd2a9080_0, 0;
    %pushi/vec4 0, 0, 1;
    %assign/vec4 v0x5596cd2a93a0_0, 0;
    %pushi/vec4 0, 0, 1;
    %assign/vec4 v0x5596cd2a8f70_0, 0;
    %pushi/vec4 0, 0, 1;
    %assign/vec4 v0x5596cd2a9140_0, 0;
    %pushi/vec4 1, 0, 1;
    %assign/vec4 v0x5596cd2a8de0_0, 0;
    %pushi/vec4 0, 0, 1;
    %assign/vec4 v0x5596cd2a8eb0_0, 0;
    %pushi/vec4 1, 0, 2;
    %assign/vec4 v0x5596cd2a8c20_0, 0;
    %jmp T_9.7;
T_9.4 ;
    %pushi/vec4 0, 0, 1;
    %assign/vec4 v0x5596cd2a92e0_0, 0;
    %pushi/vec4 1, 0, 1;
    %assign/vec4 v0x5596cd2a8d20_0, 0;
    %pushi/vec4 0, 0, 1;
    %assign/vec4 v0x5596cd2a9080_0, 0;
    %pushi/vec4 1, 0, 1;
    %assign/vec4 v0x5596cd2a93a0_0, 0;
    %pushi/vec4 0, 0, 1;
    %assign/vec4 v0x5596cd2a8f70_0, 0;
    %pushi/vec4 0, 0, 1;
    %assign/vec4 v0x5596cd2a9140_0, 0;
    %pushi/vec4 0, 0, 1;
    %assign/vec4 v0x5596cd2a8de0_0, 0;
    %pushi/vec4 0, 0, 1;
    %assign/vec4 v0x5596cd2a8eb0_0, 0;
    %pushi/vec4 3, 0, 2;
    %assign/vec4 v0x5596cd2a8c20_0, 0;
    %jmp T_9.7;
T_9.5 ;
    %pushi/vec4 0, 0, 1;
    %assign/vec4 v0x5596cd2a92e0_0, 0;
    %pushi/vec4 0, 0, 1;
    %assign/vec4 v0x5596cd2a8d20_0, 0;
    %pushi/vec4 0, 0, 1;
    %assign/vec4 v0x5596cd2a9080_0, 0;
    %pushi/vec4 0, 0, 1;
    %assign/vec4 v0x5596cd2a93a0_0, 0;
    %pushi/vec4 0, 0, 1;
    %assign/vec4 v0x5596cd2a8f70_0, 0;
    %pushi/vec4 0, 0, 1;
    %assign/vec4 v0x5596cd2a9140_0, 0;
    %pushi/vec4 0, 0, 1;
    %assign/vec4 v0x5596cd2a8de0_0, 0;
    %pushi/vec4 1, 0, 1;
    %assign/vec4 v0x5596cd2a8eb0_0, 0;
    %pushi/vec4 0, 0, 2;
    %assign/vec4 v0x5596cd2a8c20_0, 0;
    %jmp T_9.7;
T_9.7 ;
    %pop/vec4 1;
    %jmp T_9;
    .thread T_9, $push;
    .scope S_0x5596cd2c1ff0;
T_10 ;
    %pushi/vec4 0, 0, 32;
    %ix/load 3, 0, 0;
    %flag_set/imm 4, 0;
    %ix/load 4, 0, 0; Constant delay
    %assign/vec4/a/d v0x5596cd2c28d0, 0, 4;
    %end;
    .thread T_10;
    .scope S_0x5596cd2c1ff0;
T_11 ;
    %wait E_0x5596cd2c2220;
    %load/vec4 v0x5596cd2c2b10_0;
    %load/vec4 v0x5596cd2c2990_0;
    %pushi/vec4 0, 0, 5;
    %cmp/ne;
    %flag_get/vec4 4;
    %and;
    %flag_set/vec4 8;
    %jmp/0xz  T_11.0, 8;
    %load/vec4 v0x5596cd2c2a50_0;
    %load/vec4 v0x5596cd2c2990_0;
    %pad/u 7;
    %ix/vec4 3;
    %ix/load 4, 0, 0; Constant delay
    %assign/vec4/a/d v0x5596cd2c28d0, 0, 4;
T_11.0 ;
    %jmp T_11;
    .thread T_11;
    .scope S_0x5596cd2b8dd0;
T_12 ;
    %wait E_0x5596cd29b5d0;
    %load/vec4 v0x5596cd2b90f0_0;
    %cmpi/e 1, 0, 1;
    %jmp/0xz  T_12.0, 4;
    %load/vec4 v0x5596cd2b94a0_0;
    %assign/vec4 v0x5596cd2b95a0_0, 0;
T_12.0 ;
    %jmp T_12;
    .thread T_12;
    .scope S_0x5596cd2b8dd0;
T_13 ;
    %pushi/vec4 0, 0, 1;
    %assign/vec4 v0x5596cd2b95a0_0, 0;
    %end;
    .thread T_13;
    .scope S_0x5596cd2b5570;
T_14 ;
    %wait E_0x5596cd29b5d0;
    %load/vec4 v0x5596cd2b5890_0;
    %cmpi/e 1, 0, 1;
    %jmp/0xz  T_14.0, 4;
    %load/vec4 v0x5596cd2b5a30_0;
    %assign/vec4 v0x5596cd2b5b30_0, 0;
T_14.0 ;
    %jmp T_14;
    .thread T_14;
    .scope S_0x5596cd2b5570;
T_15 ;
    %pushi/vec4 0, 0, 1;
    %assign/vec4 v0x5596cd2b5b30_0, 0;
    %end;
    .thread T_15;
    .scope S_0x5596cd2b4540;
T_16 ;
    %wait E_0x5596cd29b5d0;
    %load/vec4 v0x5596cd2b4860_0;
    %cmpi/e 1, 0, 1;
    %jmp/0xz  T_16.0, 4;
    %load/vec4 v0x5596cd2b4a00_0;
    %assign/vec4 v0x5596cd2b4b00_0, 0;
T_16.0 ;
    %jmp T_16;
    .thread T_16;
    .scope S_0x5596cd2b4540;
T_17 ;
    %pushi/vec4 0, 0, 1;
    %assign/vec4 v0x5596cd2b4b00_0, 0;
    %end;
    .thread T_17;
    .scope S_0x5596cd2b5c80;
T_18 ;
    %wait E_0x5596cd29b5d0;
    %load/vec4 v0x5596cd2b5fa0_0;
    %cmpi/e 1, 0, 1;
    %jmp/0xz  T_18.0, 4;
    %load/vec4 v0x5596cd2b6140_0;
    %assign/vec4 v0x5596cd2b6240_0, 0;
T_18.0 ;
    %jmp T_18;
    .thread T_18;
    .scope S_0x5596cd2b5c80;
T_19 ;
    %pushi/vec4 0, 0, 1;
    %assign/vec4 v0x5596cd2b6240_0, 0;
    %end;
    .thread T_19;
    .scope S_0x5596cd2b6380;
T_20 ;
    %wait E_0x5596cd29b5d0;
    %load/vec4 v0x5596cd2b66a0_0;
    %cmpi/e 1, 0, 1;
    %jmp/0xz  T_20.0, 4;
    %load/vec4 v0x5596cd2b6840_0;
    %assign/vec4 v0x5596cd2b6940_0, 0;
T_20.0 ;
    %jmp T_20;
    .thread T_20;
    .scope S_0x5596cd2b6380;
T_21 ;
    %pushi/vec4 0, 0, 1;
    %assign/vec4 v0x5596cd2b6940_0, 0;
    %end;
    .thread T_21;
    .scope S_0x5596cd2b3790;
T_22 ;
    %wait E_0x5596cd29b5d0;
    %load/vec4 v0x5596cd2b3ab0_0;
    %cmpi/e 1, 0, 1;
    %jmp/0xz  T_22.0, 4;
    %load/vec4 v0x5596cd2b3c50_0;
    %assign/vec4 v0x5596cd2b3d50_0, 0;
T_22.0 ;
    %jmp T_22;
    .thread T_22;
    .scope S_0x5596cd2b3790;
T_23 ;
    %pushi/vec4 0, 0, 2;
    %assign/vec4 v0x5596cd2b3d50_0, 0;
    %end;
    .thread T_23;
    .scope S_0x5596cd2b6a90;
T_24 ;
    %wait E_0x5596cd29b5d0;
    %load/vec4 v0x5596cd2b6db0_0;
    %cmpi/e 1, 0, 1;
    %jmp/0xz  T_24.0, 4;
    %load/vec4 v0x5596cd2b6f50_0;
    %assign/vec4 v0x5596cd2b7050_0, 0;
T_24.0 ;
    %jmp T_24;
    .thread T_24;
    .scope S_0x5596cd2b6a90;
T_25 ;
    %pushi/vec4 0, 0, 1;
    %assign/vec4 v0x5596cd2b7050_0, 0;
    %end;
    .thread T_25;
    .scope S_0x5596cd2b3e90;
T_26 ;
    %wait E_0x5596cd29b5d0;
    %load/vec4 v0x5596cd2b4160_0;
    %cmpi/e 1, 0, 1;
    %jmp/0xz  T_26.0, 4;
    %load/vec4 v0x5596cd2b4300_0;
    %assign/vec4 v0x5596cd2b4400_0, 0;
T_26.0 ;
    %jmp T_26;
    .thread T_26;
    .scope S_0x5596cd2b3e90;
T_27 ;
    %pushi/vec4 0, 0, 1;
    %assign/vec4 v0x5596cd2b4400_0, 0;
    %end;
    .thread T_27;
    .scope S_0x5596cd2b96e0;
T_28 ;
    %wait E_0x5596cd29b5d0;
    %load/vec4 v0x5596cd2b9a00_0;
    %cmpi/e 1, 0, 1;
    %jmp/0xz  T_28.0, 4;
    %load/vec4 v0x5596cd2b9ba0_0;
    %assign/vec4 v0x5596cd2b9ca0_0, 0;
T_28.0 ;
    %jmp T_28;
    .thread T_28;
    .scope S_0x5596cd2b96e0;
T_29 ;
    %pushi/vec4 0, 0, 1;
    %assign/vec4 v0x5596cd2b9ca0_0, 0;
    %end;
    .thread T_29;
    .scope S_0x5596cd2b71a0;
T_30 ;
    %wait E_0x5596cd29b5d0;
    %load/vec4 v0x5596cd2b74c0_0;
    %cmpi/e 1, 0, 1;
    %jmp/0xz  T_30.0, 4;
    %load/vec4 v0x5596cd2b7660_0;
    %assign/vec4 v0x5596cd2b7760_0, 0;
T_30.0 ;
    %jmp T_30;
    .thread T_30;
    .scope S_0x5596cd2b71a0;
T_31 ;
    %pushi/vec4 0, 0, 32;
    %assign/vec4 v0x5596cd2b7760_0, 0;
    %end;
    .thread T_31;
    .scope S_0x5596cd2b7fb0;
T_32 ;
    %wait E_0x5596cd29b5d0;
    %load/vec4 v0x5596cd2b82d0_0;
    %cmpi/e 1, 0, 1;
    %jmp/0xz  T_32.0, 4;
    %load/vec4 v0x5596cd2b8470_0;
    %assign/vec4 v0x5596cd2b8540_0, 0;
T_32.0 ;
    %jmp T_32;
    .thread T_32;
    .scope S_0x5596cd2b7fb0;
T_33 ;
    %pushi/vec4 0, 0, 32;
    %assign/vec4 v0x5596cd2b8540_0, 0;
    %end;
    .thread T_33;
    .scope S_0x5596cd2b86c0;
T_34 ;
    %wait E_0x5596cd29b5d0;
    %load/vec4 v0x5596cd2b89e0_0;
    %cmpi/e 1, 0, 1;
    %jmp/0xz  T_34.0, 4;
    %load/vec4 v0x5596cd2b8b80_0;
    %assign/vec4 v0x5596cd2b8c50_0, 0;
T_34.0 ;
    %jmp T_34;
    .thread T_34;
    .scope S_0x5596cd2b86c0;
T_35 ;
    %pushi/vec4 0, 0, 32;
    %assign/vec4 v0x5596cd2b8c50_0, 0;
    %end;
    .thread T_35;
    .scope S_0x5596cd2b4c50;
T_36 ;
    %wait E_0x5596cd29b5d0;
    %load/vec4 v0x5596cd2b5180_0;
    %cmpi/e 1, 0, 1;
    %jmp/0xz  T_36.0, 4;
    %load/vec4 v0x5596cd2b5320_0;
    %assign/vec4 v0x5596cd2b53f0_0, 0;
T_36.0 ;
    %jmp T_36;
    .thread T_36;
    .scope S_0x5596cd2b4c50;
T_37 ;
    %pushi/vec4 0, 0, 32;
    %assign/vec4 v0x5596cd2b53f0_0, 0;
    %end;
    .thread T_37;
    .scope S_0x5596cd2b9df0;
T_38 ;
    %wait E_0x5596cd29b5d0;
    %load/vec4 v0x5596cd2ba110_0;
    %cmpi/e 1, 0, 1;
    %jmp/0xz  T_38.0, 4;
    %load/vec4 v0x5596cd2ba2b0_0;
    %assign/vec4 v0x5596cd2ba380_0, 0;
T_38.0 ;
    %jmp T_38;
    .thread T_38;
    .scope S_0x5596cd2b9df0;
T_39 ;
    %pushi/vec4 0, 0, 5;
    %assign/vec4 v0x5596cd2ba380_0, 0;
    %end;
    .thread T_39;
    .scope S_0x5596cd2ba500;
T_40 ;
    %wait E_0x5596cd29b5d0;
    %load/vec4 v0x5596cd2ba820_0;
    %cmpi/e 1, 0, 1;
    %jmp/0xz  T_40.0, 4;
    %load/vec4 v0x5596cd2ba9c0_0;
    %assign/vec4 v0x5596cd2baa90_0, 0;
T_40.0 ;
    %jmp T_40;
    .thread T_40;
    .scope S_0x5596cd2ba500;
T_41 ;
    %pushi/vec4 0, 0, 5;
    %assign/vec4 v0x5596cd2baa90_0, 0;
    %end;
    .thread T_41;
    .scope S_0x5596cd2b78a0;
T_42 ;
    %wait E_0x5596cd29b5d0;
    %load/vec4 v0x5596cd2b7bc0_0;
    %cmpi/e 1, 0, 1;
    %jmp/0xz  T_42.0, 4;
    %load/vec4 v0x5596cd2b7d60_0;
    %assign/vec4 v0x5596cd2b7e30_0, 0;
T_42.0 ;
    %jmp T_42;
    .thread T_42;
    .scope S_0x5596cd2b78a0;
T_43 ;
    %pushi/vec4 0, 0, 5;
    %assign/vec4 v0x5596cd2b7e30_0, 0;
    %end;
    .thread T_43;
    .scope S_0x5596cd2a7880;
T_44 ;
    %wait E_0x5596cd274cb0;
    %load/vec4 v0x5596cd2a7bf0_0;
    %dup/vec4;
    %pushi/vec4 0, 0, 2;
    %cmp/u;
    %jmp/1 T_44.0, 6;
    %dup/vec4;
    %pushi/vec4 1, 0, 2;
    %cmp/u;
    %jmp/1 T_44.1, 6;
    %dup/vec4;
    %pushi/vec4 2, 0, 2;
    %cmp/u;
    %jmp/1 T_44.2, 6;
    %dup/vec4;
    %pushi/vec4 3, 0, 2;
    %cmp/u;
    %jmp/1 T_44.3, 6;
    %jmp T_44.4;
T_44.0 ;
    %pushi/vec4 0, 0, 4;
    %assign/vec4 v0x5596cd2a7b10_0, 0;
    %jmp T_44.4;
T_44.1 ;
    %pushi/vec4 1, 0, 4;
    %assign/vec4 v0x5596cd2a7b10_0, 0;
    %jmp T_44.4;
T_44.2 ;
    %load/vec4 v0x5596cd2a7cb0_0;
    %dup/vec4;
    %pushi/vec4 32, 0, 6;
    %cmp/u;
    %jmp/1 T_44.5, 6;
    %dup/vec4;
    %pushi/vec4 34, 0, 6;
    %cmp/u;
    %jmp/1 T_44.6, 6;
    %dup/vec4;
    %pushi/vec4 36, 0, 6;
    %cmp/u;
    %jmp/1 T_44.7, 6;
    %dup/vec4;
    %pushi/vec4 37, 0, 6;
    %cmp/u;
    %jmp/1 T_44.8, 6;
    %pushi/vec4 0, 0, 4;
    %assign/vec4 v0x5596cd2a7b10_0, 0;
    %jmp T_44.10;
T_44.5 ;
    %pushi/vec4 0, 0, 4;
    %assign/vec4 v0x5596cd2a7b10_0, 0;
    %jmp T_44.10;
T_44.6 ;
    %pushi/vec4 1, 0, 4;
    %assign/vec4 v0x5596cd2a7b10_0, 0;
    %jmp T_44.10;
T_44.7 ;
    %pushi/vec4 4, 0, 4;
    %assign/vec4 v0x5596cd2a7b10_0, 0;
    %jmp T_44.10;
T_44.8 ;
    %pushi/vec4 5, 0, 4;
    %assign/vec4 v0x5596cd2a7b10_0, 0;
    %jmp T_44.10;
T_44.10 ;
    %pop/vec4 1;
    %jmp T_44.4;
T_44.3 ;
    %pushi/vec4 0, 0, 4;
    %assign/vec4 v0x5596cd2a7b10_0, 0;
    %jmp T_44.4;
T_44.4 ;
    %pop/vec4 1;
    %jmp T_44;
    .thread T_44, $push;
    .scope S_0x5596cd2aed30;
T_45 ;
    %wait E_0x5596cd2af060;
    %load/vec4 v0x5596cd2af0f0_0;
    %dup/vec4;
    %pushi/vec4 0, 0, 2;
    %cmp/u;
    %jmp/1 T_45.0, 6;
    %dup/vec4;
    %pushi/vec4 1, 0, 2;
    %cmp/u;
    %jmp/1 T_45.1, 6;
    %dup/vec4;
    %pushi/vec4 2, 0, 2;
    %cmp/u;
    %jmp/1 T_45.2, 6;
    %jmp T_45.3;
T_45.0 ;
    %load/vec4 v0x5596cd2af200_0;
    %assign/vec4 v0x5596cd2af480_0, 0;
    %jmp T_45.3;
T_45.1 ;
    %load/vec4 v0x5596cd2af2c0_0;
    %assign/vec4 v0x5596cd2af480_0, 0;
    %jmp T_45.3;
T_45.2 ;
    %load/vec4 v0x5596cd2af3c0_0;
    %assign/vec4 v0x5596cd2af480_0, 0;
    %jmp T_45.3;
T_45.3 ;
    %pop/vec4 1;
    %jmp T_45;
    .thread T_45, $push;
    .scope S_0x5596cd2af640;
T_46 ;
    %wait E_0x5596cd2af970;
    %load/vec4 v0x5596cd2afa00_0;
    %dup/vec4;
    %pushi/vec4 0, 0, 2;
    %cmp/u;
    %jmp/1 T_46.0, 6;
    %dup/vec4;
    %pushi/vec4 1, 0, 2;
    %cmp/u;
    %jmp/1 T_46.1, 6;
    %dup/vec4;
    %pushi/vec4 2, 0, 2;
    %cmp/u;
    %jmp/1 T_46.2, 6;
    %jmp T_46.3;
T_46.0 ;
    %load/vec4 v0x5596cd2afb10_0;
    %assign/vec4 v0x5596cd2afdb0_0, 0;
    %jmp T_46.3;
T_46.1 ;
    %load/vec4 v0x5596cd2afbd0_0;
    %assign/vec4 v0x5596cd2afdb0_0, 0;
    %jmp T_46.3;
T_46.2 ;
    %load/vec4 v0x5596cd2afcf0_0;
    %assign/vec4 v0x5596cd2afdb0_0, 0;
    %jmp T_46.3;
T_46.3 ;
    %pop/vec4 1;
    %jmp T_46;
    .thread T_46, $push;
    .scope S_0x5596cd2636f0;
T_47 ;
    %pushi/vec4 0, 0, 2;
    %assign/vec4 v0x5596cd263e50_0, 0;
    %pushi/vec4 0, 0, 2;
    %assign/vec4 v0x5596cd2a66c0_0, 0;
    %end;
    .thread T_47;
    .scope S_0x5596cd2636f0;
T_48 ;
    %wait E_0x5596cd1dcb30;
    %load/vec4 v0x5596cd282450_0;
    %pushi/vec4 1, 0, 1;
    %cmp/e;
    %flag_get/vec4 4;
    %load/vec4 v0x5596cd27b510_0;
    %pushi/vec4 0, 0, 5;
    %cmp/ne;
    %flag_get/vec4 4;
    %and;
    %load/vec4 v0x5596cd27b510_0;
    %load/vec4 v0x5596cd27ec80_0;
    %cmp/e;
    %flag_get/vec4 4;
    %and;
    %flag_set/vec4 8;
    %jmp/0xz  T_48.0, 8;
    %pushi/vec4 1, 0, 2;
    %store/vec4 v0x5596cd263e50_0, 0, 2;
    %jmp T_48.1;
T_48.0 ;
    %load/vec4 v0x5596cd2677b0_0;
    %pushi/vec4 1, 0, 1;
    %cmp/e;
    %flag_get/vec4 4;
    %load/vec4 v0x5596cd266ff0_0;
    %pushi/vec4 0, 0, 5;
    %cmp/ne;
    %flag_get/vec4 4;
    %and;
    %load/vec4 v0x5596cd266ff0_0;
    %load/vec4 v0x5596cd27ec80_0;
    %cmp/e;
    %flag_get/vec4 4;
    %and;
    %flag_set/vec4 8;
    %jmp/0xz  T_48.2, 8;
    %pushi/vec4 2, 0, 2;
    %store/vec4 v0x5596cd263e50_0, 0, 2;
    %jmp T_48.3;
T_48.2 ;
    %pushi/vec4 0, 0, 2;
    %store/vec4 v0x5596cd263e50_0, 0, 2;
T_48.3 ;
T_48.1 ;
    %load/vec4 v0x5596cd282450_0;
    %pushi/vec4 1, 0, 1;
    %cmp/e;
    %flag_get/vec4 4;
    %load/vec4 v0x5596cd27b510_0;
    %pushi/vec4 0, 0, 5;
    %cmp/ne;
    %flag_get/vec4 4;
    %and;
    %load/vec4 v0x5596cd27b510_0;
    %load/vec4 v0x5596cd27d640_0;
    %cmp/e;
    %flag_get/vec4 4;
    %and;
    %flag_set/vec4 8;
    %jmp/0xz  T_48.4, 8;
    %pushi/vec4 1, 0, 2;
    %store/vec4 v0x5596cd2a66c0_0, 0, 2;
    %jmp T_48.5;
T_48.4 ;
    %load/vec4 v0x5596cd2677b0_0;
    %pushi/vec4 1, 0, 1;
    %cmp/e;
    %flag_get/vec4 4;
    %load/vec4 v0x5596cd266ff0_0;
    %pushi/vec4 0, 0, 5;
    %cmp/ne;
    %flag_get/vec4 4;
    %and;
    %load/vec4 v0x5596cd266ff0_0;
    %load/vec4 v0x5596cd27d640_0;
    %cmp/e;
    %flag_get/vec4 4;
    %and;
    %flag_set/vec4 8;
    %jmp/0xz  T_48.6, 8;
    %pushi/vec4 2, 0, 2;
    %store/vec4 v0x5596cd2a66c0_0, 0, 2;
    %jmp T_48.7;
T_48.6 ;
    %pushi/vec4 0, 0, 2;
    %store/vec4 v0x5596cd2a66c0_0, 0, 2;
T_48.7 ;
T_48.5 ;
    %jmp T_48;
    .thread T_48, $push;
    .scope S_0x5596cd2a71a0;
T_49 ;
    %wait E_0x5596cd2966a0;
    %load/vec4 v0x5596cd2a75f0_0;
    %dup/vec4;
    %pushi/vec4 0, 0, 4;
    %cmp/u;
    %jmp/1 T_49.0, 6;
    %dup/vec4;
    %pushi/vec4 1, 0, 4;
    %cmp/u;
    %jmp/1 T_49.1, 6;
    %dup/vec4;
    %pushi/vec4 2, 0, 4;
    %cmp/u;
    %jmp/1 T_49.2, 6;
    %dup/vec4;
    %pushi/vec4 3, 0, 4;
    %cmp/u;
    %jmp/1 T_49.3, 6;
    %dup/vec4;
    %pushi/vec4 4, 0, 4;
    %cmp/u;
    %jmp/1 T_49.4, 6;
    %dup/vec4;
    %pushi/vec4 5, 0, 4;
    %cmp/u;
    %jmp/1 T_49.5, 6;
    %dup/vec4;
    %pushi/vec4 6, 0, 4;
    %cmp/u;
    %jmp/1 T_49.6, 6;
    %dup/vec4;
    %pushi/vec4 7, 0, 4;
    %cmp/u;
    %jmp/1 T_49.7, 6;
    %jmp T_49.8;
T_49.0 ;
    %load/vec4 v0x5596cd2a7350_0;
    %load/vec4 v0x5596cd2a7450_0;
    %add;
    %assign/vec4 v0x5596cd2a7530_0, 0;
    %jmp T_49.8;
T_49.1 ;
    %load/vec4 v0x5596cd2a7350_0;
    %load/vec4 v0x5596cd2a7450_0;
    %sub;
    %assign/vec4 v0x5596cd2a7530_0, 0;
    %jmp T_49.8;
T_49.2 ;
    %load/vec4 v0x5596cd2a7350_0;
    %load/vec4 v0x5596cd2a7450_0;
    %mul;
    %assign/vec4 v0x5596cd2a7530_0, 0;
    %jmp T_49.8;
T_49.3 ;
    %load/vec4 v0x5596cd2a7350_0;
    %load/vec4 v0x5596cd2a7450_0;
    %div;
    %assign/vec4 v0x5596cd2a7530_0, 0;
    %jmp T_49.8;
T_49.4 ;
    %load/vec4 v0x5596cd2a7350_0;
    %load/vec4 v0x5596cd2a7450_0;
    %and;
    %assign/vec4 v0x5596cd2a7530_0, 0;
    %jmp T_49.8;
T_49.5 ;
    %load/vec4 v0x5596cd2a7350_0;
    %load/vec4 v0x5596cd2a7450_0;
    %or;
    %assign/vec4 v0x5596cd2a7530_0, 0;
    %jmp T_49.8;
T_49.6 ;
    %load/vec4 v0x5596cd2a7350_0;
    %load/vec4 v0x5596cd2a7450_0;
    %xor;
    %assign/vec4 v0x5596cd2a7530_0, 0;
    %jmp T_49.8;
T_49.7 ;
    %load/vec4 v0x5596cd2a7350_0;
    %load/vec4 v0x5596cd2a7450_0;
    %mod;
    %assign/vec4 v0x5596cd2a7530_0, 0;
    %jmp T_49.8;
T_49.8 ;
    %pop/vec4 1;
    %jmp T_49;
    .thread T_49, $push;
    .scope S_0x5596cd2be3a0;
T_50 ;
    %wait E_0x5596cd29b5d0;
    %load/vec4 v0x5596cd2be6c0_0;
    %cmpi/e 1, 0, 1;
    %jmp/0xz  T_50.0, 4;
    %load/vec4 v0x5596cd2be860_0;
    %assign/vec4 v0x5596cd2be960_0, 0;
T_50.0 ;
    %jmp T_50;
    .thread T_50;
    .scope S_0x5596cd2be3a0;
T_51 ;
    %pushi/vec4 0, 0, 1;
    %assign/vec4 v0x5596cd2be960_0, 0;
    %end;
    .thread T_51;
    .scope S_0x5596cd2bd5f0;
T_52 ;
    %wait E_0x5596cd29b5d0;
    %load/vec4 v0x5596cd2bd8c0_0;
    %cmpi/e 1, 0, 1;
    %jmp/0xz  T_52.0, 4;
    %load/vec4 v0x5596cd2bda60_0;
    %assign/vec4 v0x5596cd2bdb60_0, 0;
T_52.0 ;
    %jmp T_52;
    .thread T_52;
    .scope S_0x5596cd2bd5f0;
T_53 ;
    %pushi/vec4 0, 0, 1;
    %assign/vec4 v0x5596cd2bdb60_0, 0;
    %end;
    .thread T_53;
    .scope S_0x5596cd2beaa0;
T_54 ;
    %wait E_0x5596cd29b5d0;
    %load/vec4 v0x5596cd2bedc0_0;
    %cmpi/e 1, 0, 1;
    %jmp/0xz  T_54.0, 4;
    %load/vec4 v0x5596cd2bef60_0;
    %assign/vec4 v0x5596cd2bf080_0, 0;
T_54.0 ;
    %jmp T_54;
    .thread T_54;
    .scope S_0x5596cd2beaa0;
T_55 ;
    %pushi/vec4 0, 0, 1;
    %assign/vec4 v0x5596cd2bf080_0, 0;
    %end;
    .thread T_55;
    .scope S_0x5596cd2bf1b0;
T_56 ;
    %wait E_0x5596cd29b5d0;
    %load/vec4 v0x5596cd2bf4d0_0;
    %cmpi/e 1, 0, 1;
    %jmp/0xz  T_56.0, 4;
    %load/vec4 v0x5596cd2bf670_0;
    %assign/vec4 v0x5596cd2bf770_0, 0;
T_56.0 ;
    %jmp T_56;
    .thread T_56;
    .scope S_0x5596cd2bf1b0;
T_57 ;
    %pushi/vec4 0, 0, 1;
    %assign/vec4 v0x5596cd2bf770_0, 0;
    %end;
    .thread T_57;
    .scope S_0x5596cd2bf8b0;
T_58 ;
    %wait E_0x5596cd29b5d0;
    %load/vec4 v0x5596cd2bfbd0_0;
    %cmpi/e 1, 0, 1;
    %jmp/0xz  T_58.0, 4;
    %load/vec4 v0x5596cd2bfd70_0;
    %assign/vec4 v0x5596cd2bfe70_0, 0;
T_58.0 ;
    %jmp T_58;
    .thread T_58;
    .scope S_0x5596cd2bf8b0;
T_59 ;
    %pushi/vec4 0, 0, 1;
    %assign/vec4 v0x5596cd2bfe70_0, 0;
    %end;
    .thread T_59;
    .scope S_0x5596cd2c0ad0;
T_60 ;
    %wait E_0x5596cd29b5d0;
    %load/vec4 v0x5596cd2c0df0_0;
    %cmpi/e 1, 0, 1;
    %jmp/0xz  T_60.0, 4;
    %load/vec4 v0x5596cd2c0f90_0;
    %assign/vec4 v0x5596cd2c1090_0, 0;
T_60.0 ;
    %jmp T_60;
    .thread T_60;
    .scope S_0x5596cd2c0ad0;
T_61 ;
    %pushi/vec4 0, 0, 1;
    %assign/vec4 v0x5596cd2c1090_0, 0;
    %end;
    .thread T_61;
    .scope S_0x5596cd2bdca0;
T_62 ;
    %wait E_0x5596cd29b5d0;
    %load/vec4 v0x5596cd2bdfc0_0;
    %cmpi/e 1, 0, 1;
    %jmp/0xz  T_62.0, 4;
    %load/vec4 v0x5596cd2be160_0;
    %assign/vec4 v0x5596cd2be260_0, 0;
T_62.0 ;
    %jmp T_62;
    .thread T_62;
    .scope S_0x5596cd2bdca0;
T_63 ;
    %pushi/vec4 0, 0, 32;
    %assign/vec4 v0x5596cd2be260_0, 0;
    %end;
    .thread T_63;
    .scope S_0x5596cd2c18f0;
T_64 ;
    %wait E_0x5596cd29b5d0;
    %load/vec4 v0x5596cd2c1c10_0;
    %cmpi/e 1, 0, 1;
    %jmp/0xz  T_64.0, 4;
    %load/vec4 v0x5596cd2c1db0_0;
    %assign/vec4 v0x5596cd2c1eb0_0, 0;
T_64.0 ;
    %jmp T_64;
    .thread T_64;
    .scope S_0x5596cd2c18f0;
T_65 ;
    %pushi/vec4 0, 0, 1;
    %assign/vec4 v0x5596cd2c1eb0_0, 0;
    %end;
    .thread T_65;
    .scope S_0x5596cd2bcf00;
T_66 ;
    %wait E_0x5596cd29b5d0;
    %load/vec4 v0x5596cd2bd220_0;
    %cmpi/e 1, 0, 1;
    %jmp/0xz  T_66.0, 4;
    %load/vec4 v0x5596cd2bd3c0_0;
    %assign/vec4 v0x5596cd2bd4c0_0, 0;
T_66.0 ;
    %jmp T_66;
    .thread T_66;
    .scope S_0x5596cd2bcf00;
T_67 ;
    %pushi/vec4 0, 0, 32;
    %assign/vec4 v0x5596cd2bd4c0_0, 0;
    %end;
    .thread T_67;
    .scope S_0x5596cd2bffb0;
T_68 ;
    %wait E_0x5596cd29b5d0;
    %load/vec4 v0x5596cd2c02d0_0;
    %cmpi/e 1, 0, 1;
    %jmp/0xz  T_68.0, 4;
    %load/vec4 v0x5596cd2c0880_0;
    %assign/vec4 v0x5596cd2c09a0_0, 0;
T_68.0 ;
    %jmp T_68;
    .thread T_68;
    .scope S_0x5596cd2bffb0;
T_69 ;
    %pushi/vec4 0, 0, 32;
    %assign/vec4 v0x5596cd2c09a0_0, 0;
    %end;
    .thread T_69;
    .scope S_0x5596cd2c11e0;
T_70 ;
    %wait E_0x5596cd29b5d0;
    %load/vec4 v0x5596cd2c1500_0;
    %cmpi/e 1, 0, 1;
    %jmp/0xz  T_70.0, 4;
    %load/vec4 v0x5596cd2c16a0_0;
    %assign/vec4 v0x5596cd2c17a0_0, 0;
T_70.0 ;
    %jmp T_70;
    .thread T_70;
    .scope S_0x5596cd2c11e0;
T_71 ;
    %pushi/vec4 0, 0, 5;
    %assign/vec4 v0x5596cd2c17a0_0, 0;
    %end;
    .thread T_71;
    .scope S_0x5596cd2a7e20;
T_72 ;
    %wait E_0x5596cd1dceb0;
    %load/vec4 v0x5596cd2a80e0_0;
    %load/vec4 v0x5596cd2a81c0_0;
    %and;
    %assign/vec4 v0x5596cd2a8280_0, 0;
    %jmp T_72;
    .thread T_72, $push;
    .scope S_0x5596cd2a95a0;
T_73 ;
    %wait E_0x5596cd29b5d0;
    %load/vec4 v0x5596cd2a9c60_0;
    %flag_set/vec4 8;
    %jmp/0xz  T_73.0, 8;
    %load/vec4 v0x5596cd2a9e00_0;
    %ix/getv 3, v0x5596cd2a9910_0;
    %ix/load 4, 0, 0; Constant delay
    %assign/vec4/a/d v0x5596cd2a9a90, 0, 4;
T_73.0 ;
    %jmp T_73;
    .thread T_73;
    .scope S_0x5596cd2bb2f0;
T_74 ;
    %wait E_0x5596cd29b5d0;
    %load/vec4 v0x5596cd2bb610_0;
    %cmpi/e 1, 0, 1;
    %jmp/0xz  T_74.0, 4;
    %load/vec4 v0x5596cd2bb7b0_0;
    %assign/vec4 v0x5596cd2bb880_0, 0;
T_74.0 ;
    %jmp T_74;
    .thread T_74;
    .scope S_0x5596cd2bb2f0;
T_75 ;
    %pushi/vec4 0, 0, 1;
    %assign/vec4 v0x5596cd2bb880_0, 0;
    %end;
    .thread T_75;
    .scope S_0x5596cd2bc100;
T_76 ;
    %wait E_0x5596cd29b5d0;
    %load/vec4 v0x5596cd2bc420_0;
    %cmpi/e 1, 0, 1;
    %jmp/0xz  T_76.0, 4;
    %load/vec4 v0x5596cd2bc5c0_0;
    %assign/vec4 v0x5596cd2bc6c0_0, 0;
T_76.0 ;
    %jmp T_76;
    .thread T_76;
    .scope S_0x5596cd2bc100;
T_77 ;
    %pushi/vec4 0, 0, 1;
    %assign/vec4 v0x5596cd2bc6c0_0, 0;
    %end;
    .thread T_77;
    .scope S_0x5596cd2bba00;
T_78 ;
    %wait E_0x5596cd29b5d0;
    %load/vec4 v0x5596cd2bbd20_0;
    %cmpi/e 1, 0, 1;
    %jmp/0xz  T_78.0, 4;
    %load/vec4 v0x5596cd2bbec0_0;
    %assign/vec4 v0x5596cd2bbfc0_0, 0;
T_78.0 ;
    %jmp T_78;
    .thread T_78;
    .scope S_0x5596cd2bba00;
T_79 ;
    %pushi/vec4 0, 0, 32;
    %assign/vec4 v0x5596cd2bbfc0_0, 0;
    %end;
    .thread T_79;
    .scope S_0x5596cd2bac00;
T_80 ;
    %wait E_0x5596cd29b5d0;
    %load/vec4 v0x5596cd2baf20_0;
    %cmpi/e 1, 0, 1;
    %jmp/0xz  T_80.0, 4;
    %load/vec4 v0x5596cd2bb0c0_0;
    %assign/vec4 v0x5596cd2bb190_0, 0;
T_80.0 ;
    %jmp T_80;
    .thread T_80;
    .scope S_0x5596cd2bac00;
T_81 ;
    %pushi/vec4 0, 0, 32;
    %assign/vec4 v0x5596cd2bb190_0, 0;
    %end;
    .thread T_81;
    .scope S_0x5596cd2bc800;
T_82 ;
    %wait E_0x5596cd29b5d0;
    %load/vec4 v0x5596cd2bcb20_0;
    %cmpi/e 1, 0, 1;
    %jmp/0xz  T_82.0, 4;
    %load/vec4 v0x5596cd2bccc0_0;
    %assign/vec4 v0x5596cd2bcdc0_0, 0;
T_82.0 ;
    %jmp T_82;
    .thread T_82;
    .scope S_0x5596cd2bc800;
T_83 ;
    %pushi/vec4 0, 0, 5;
    %assign/vec4 v0x5596cd2bcdc0_0, 0;
    %end;
    .thread T_83;
    .scope S_0x5596cd276410;
T_84 ;
    %wait E_0x5596cd1a46e0;
    %delay 5, 0;
    %load/vec4 v0x5596cd2c9910_0;
    %nor/r;
    %assign/vec4 v0x5596cd2c9910_0, 0;
    %jmp T_84;
    .thread T_84, $push;
    .scope S_0x5596cd276410;
T_85 ;
    %vpi_call 2 16 "$dumpfile", "top.vcd" {0 0 0};
    %vpi_call 2 17 "$dumpvars", 32'sb00000000000000000000000000000000, S_0x5596cd276410 {0 0 0};
    %pushi/vec4 0, 0, 1;
    %store/vec4 v0x5596cd2c9910_0, 0, 1;
    %delay 170, 0;
    %vpi_call 2 21 "$finish" {0 0 0};
    %end;
    .thread T_85;
# The file index is used to find the file name in the following table.
:file_names 20;
    "N/A";
    "<interactive>";
    "top_tb.v";
    "./top.v";
    "./ForwardingUnit.v";
    "./hazardDetection.v";
    "./alu.v";
    "./alucontrol.v";
    "./and.v";
    "./adder.v";
    "./control.v";
    "./dmem.v";
    "./mux.v";
    "./imem.v";
    "./MUX3to1.v";
    "./pc.v";
    "./register.v";
    "./regfile.v";
    "./sll2.v";
    "./signextend.v";
